18-Oct-2023 09:22:54.896 INFO [main] org.apache.catalina.startup.VersionLoggerListener.log Nom version serveur :              Apache Tomcat/10.1.14
18-Oct-2023 09:22:54.896 INFO [main] org.apache.catalina.startup.VersionLoggerListener.log Serveur compilé :                  Oct 9 2023 21:01:11 UTC
18-Oct-2023 09:22:54.896 INFO [main] org.apache.catalina.startup.VersionLoggerListener.log Version du serveur :               10.1.14.0
18-Oct-2023 09:22:54.896 INFO [main] org.apache.catalina.startup.VersionLoggerListener.log Nom de l'OS :                      Windows 11
18-Oct-2023 09:22:54.896 INFO [main] org.apache.catalina.startup.VersionLoggerListener.log Version OS :                       10.0
18-Oct-2023 09:22:54.896 INFO [main] org.apache.catalina.startup.VersionLoggerListener.log Architecture :                     amd64
18-Oct-2023 09:22:54.896 INFO [main] org.apache.catalina.startup.VersionLoggerListener.log Java Home :                        C:\Program Files\Java\jdk-19
18-Oct-2023 09:22:54.896 INFO [main] org.apache.catalina.startup.VersionLoggerListener.log Version JVM :                      19.0.1+10-21
18-Oct-2023 09:22:54.896 INFO [main] org.apache.catalina.startup.VersionLoggerListener.log Fournisseur de la JVM :            Oracle Corporation
18-Oct-2023 09:22:54.896 INFO [main] org.apache.catalina.startup.VersionLoggerListener.log CATALINA_BASE :                    C:\Users\bapti\Documents\cours\BUT_S3\back-end\tomcat
18-Oct-2023 09:22:54.896 INFO [main] org.apache.catalina.startup.VersionLoggerListener.log CATALINA_HOME :                    C:\Users\bapti\Documents\cours\BUT_S3\back-end\tomcat
18-Oct-2023 09:22:54.917 INFO [main] org.apache.catalina.startup.VersionLoggerListener.log Argument de la ligne de commande : -Djava.util.logging.config.file=C:\Users\bapti\Documents\cours\BUT_S3\back-end\tomcat\conf\logging.properties
18-Oct-2023 09:22:54.917 INFO [main] org.apache.catalina.startup.VersionLoggerListener.log Argument de la ligne de commande : -Djava.util.logging.manager=org.apache.juli.ClassLoaderLogManager
18-Oct-2023 09:22:54.917 INFO [main] org.apache.catalina.startup.VersionLoggerListener.log Argument de la ligne de commande : -Djdk.tls.ephemeralDHKeySize=2048
18-Oct-2023 09:22:54.917 INFO [main] org.apache.catalina.startup.VersionLoggerListener.log Argument de la ligne de commande : -Djava.protocol.handler.pkgs=org.apache.catalina.webresources
18-Oct-2023 09:22:54.917 INFO [main] org.apache.catalina.startup.VersionLoggerListener.log Argument de la ligne de commande : --add-opens=java.base/java.lang=ALL-UNNAMED
18-Oct-2023 09:22:54.918 INFO [main] org.apache.catalina.startup.VersionLoggerListener.log Argument de la ligne de commande : --add-opens=java.base/java.io=ALL-UNNAMED
18-Oct-2023 09:22:54.918 INFO [main] org.apache.catalina.startup.VersionLoggerListener.log Argument de la ligne de commande : --add-opens=java.base/java.util=ALL-UNNAMED
18-Oct-2023 09:22:54.918 INFO [main] org.apache.catalina.startup.VersionLoggerListener.log Argument de la ligne de commande : --add-opens=java.base/java.util.concurrent=ALL-UNNAMED
18-Oct-2023 09:22:54.918 INFO [main] org.apache.catalina.startup.VersionLoggerListener.log Argument de la ligne de commande : --add-opens=java.rmi/sun.rmi.transport=ALL-UNNAMED
18-Oct-2023 09:22:54.918 INFO [main] org.apache.catalina.startup.VersionLoggerListener.log Argument de la ligne de commande : -Dcatalina.base=C:\Users\bapti\Documents\cours\BUT_S3\back-end\tomcat
18-Oct-2023 09:22:54.918 INFO [main] org.apache.catalina.startup.VersionLoggerListener.log Argument de la ligne de commande : -Dcatalina.home=C:\Users\bapti\Documents\cours\BUT_S3\back-end\tomcat
18-Oct-2023 09:22:54.918 INFO [main] org.apache.catalina.startup.VersionLoggerListener.log Argument de la ligne de commande : -Djava.io.tmpdir=C:\Users\bapti\Documents\cours\BUT_S3\back-end\tomcat\temp
18-Oct-2023 09:22:54.929 INFO [main] org.apache.catalina.core.AprLifecycleListener.lifecycleEvent La librairie Apache Tomcat Native basée sur APR qui permet des performances optimales dans les environnements de production n'a pas été trouvée sur le java.library.path : [C:\Program Files\Java\jdk-19\bin;C:\WINDOWS\Sun\Java\bin;C:\WINDOWS\system32;C:\WINDOWS;C:\Program Files\Common Files\Oracle\Java\javapath;C:\Program Files (x86)\Common Files\Oracle\Java\javapath;C:\Program Files (x86)\Razer Chroma SDK\bin;C:\Program Files\Razer Chroma SDK\bin;C:\Program Files (x86)\Razer\ChromaBroadcast\bin;C:\Program Files\Razer\ChromaBroadcast\bin;C:\ProgramData\Oracle\Java\javapath;C:\windows\system32;C:\windows;C:\windows\System32\Wbem;C:\windows\System32\WindowsPowerShell\v1.0\;C:\windows\System32\OpenSSH\;C:\Program Files (x86)\NVIDIA Corporation\PhysX\Common;C:\Program Files\NVIDIA Corporation\NVIDIA NvDLISR;C:\windows\system32\config\systemprofile\AppData\Local\Microsoft\WindowsApps;C:\WINDOWS\system32;C:\WINDOWS;C:\WINDOWS\System32\Wbem;C:\WINDOWS\System32\WindowsPowerShell\v1.0\;C:\WINDOWS\System32\OpenSSH\;C:\Program Files (x86)\Keyman\Keyman Developer\;C:\TDM-GCC-64\bin;C:\Program Files\Pandoc\;C:\Ruby32-x64\bin;C:\Program Files\Java\jdk-19\bin;C:\Users\bapti\AppData\Local\Microsoft\WindowsApps;C:\Users\bapti\AppData\Local\Programs\Microsoft VS Code\bin;C:\Users\bapti\AppData\Local\Programs\MiKTeX\miktex\bin\x64\;C:\Users\bapti\Documents\cours\BUT_s2\ALL_SAE\SAE_dev\B4;;.]
18-Oct-2023 09:22:55.184 INFO [main] org.apache.coyote.AbstractProtocol.init Initialisation du gestionnaire de protocole ["http-nio-8080"]
18-Oct-2023 09:22:55.212 INFO [main] org.apache.catalina.startup.Catalina.load L'initialisation du serveur a pris [489] millisecondes
18-Oct-2023 09:22:55.255 INFO [main] org.apache.catalina.core.StandardService.startInternal Démarrage du service [Catalina]
18-Oct-2023 09:22:55.255 INFO [main] org.apache.catalina.core.StandardEngine.startInternal Démarrage du moteur de Servlets : [Apache Tomcat/10.1.14]
18-Oct-2023 09:22:55.275 INFO [main] org.apache.catalina.startup.HostConfig.deployDirectory Déploiement du répertoire d'application web [C:\Users\bapti\Documents\cours\BUT_S3\back-end\tomcat\webapps\docs]
18-Oct-2023 09:22:55.584 INFO [main] org.apache.catalina.startup.HostConfig.deployDirectory Le déploiement du répertoire [C:\Users\bapti\Documents\cours\BUT_S3\back-end\tomcat\webapps\docs] de l'application web s'est terminé en [303] ms
18-Oct-2023 09:22:55.584 INFO [main] org.apache.catalina.startup.HostConfig.deployDirectory Déploiement du répertoire d'application web [C:\Users\bapti\Documents\cours\BUT_S3\back-end\tomcat\webapps\examples]
18-Oct-2023 09:22:56.107 INFO [main] org.apache.catalina.startup.HostConfig.deployDirectory Le déploiement du répertoire [C:\Users\bapti\Documents\cours\BUT_S3\back-end\tomcat\webapps\examples] de l'application web s'est terminé en [523] ms
18-Oct-2023 09:22:56.107 INFO [main] org.apache.catalina.startup.HostConfig.deployDirectory Déploiement du répertoire d'application web [C:\Users\bapti\Documents\cours\BUT_S3\back-end\tomcat\webapps\host-manager]
18-Oct-2023 09:22:56.152 INFO [main] org.apache.catalina.startup.HostConfig.deployDirectory Le déploiement du répertoire [C:\Users\bapti\Documents\cours\BUT_S3\back-end\tomcat\webapps\host-manager] de l'application web s'est terminé en [45] ms
18-Oct-2023 09:22:56.152 INFO [main] org.apache.catalina.startup.HostConfig.deployDirectory Déploiement du répertoire d'application web [C:\Users\bapti\Documents\cours\BUT_S3\back-end\tomcat\webapps\manager]
18-Oct-2023 09:22:56.198 INFO [main] org.apache.catalina.startup.HostConfig.deployDirectory Le déploiement du répertoire [C:\Users\bapti\Documents\cours\BUT_S3\back-end\tomcat\webapps\manager] de l'application web s'est terminé en [36] ms
18-Oct-2023 09:22:56.198 INFO [main] org.apache.catalina.startup.HostConfig.deployDirectory Déploiement du répertoire d'application web [C:\Users\bapti\Documents\cours\BUT_S3\back-end\tomcat\webapps\ROOT]
18-Oct-2023 09:22:56.219 INFO [main] org.apache.catalina.startup.HostConfig.deployDirectory Le déploiement du répertoire [C:\Users\bapti\Documents\cours\BUT_S3\back-end\tomcat\webapps\ROOT] de l'application web s'est terminé en [21] ms
18-Oct-2023 09:22:56.219 INFO [main] org.apache.catalina.startup.HostConfig.deployDirectory Déploiement du répertoire d'application web [C:\Users\bapti\Documents\cours\BUT_S3\back-end\tomcat\webapps\servelet-tp1]
18-Oct-2023 09:22:56.249 INFO [main] org.apache.catalina.startup.HostConfig.deployDirectory Le déploiement du répertoire [C:\Users\bapti\Documents\cours\BUT_S3\back-end\tomcat\webapps\servelet-tp1] de l'application web s'est terminé en [30] ms
18-Oct-2023 09:22:56.249 INFO [main] org.apache.catalina.startup.HostConfig.deployDirectory Déploiement du répertoire d'application web [C:\Users\bapti\Documents\cours\BUT_S3\back-end\tomcat\webapps\test]
18-Oct-2023 09:22:56.279 INFO [main] org.apache.catalina.startup.HostConfig.deployDirectory Le déploiement du répertoire [C:\Users\bapti\Documents\cours\BUT_S3\back-end\tomcat\webapps\test] de l'application web s'est terminé en [30] ms
18-Oct-2023 09:22:56.279 INFO [main] org.apache.coyote.AbstractProtocol.start Démarrage du gestionnaire de protocole ["http-nio-8080"]
18-Oct-2023 09:22:56.330 INFO [main] org.apache.catalina.startup.Catalina.start Le démarrage du serveur a pris [1121] millisecondes
18-Oct-2023 09:36:58.010 INFO [Catalina-utility-2] org.apache.catalina.loader.WebappClassLoaderBase.modified Un ou plusieurs JARs ont été ajoutés à l'application web [/servelet-tp1]
18-Oct-2023 09:36:58.010 INFO [Catalina-utility-2] org.apache.catalina.core.StandardContext.reload Le rechargement du contexte [/servelet-tp1] a démarré
18-Oct-2023 09:36:58.254 INFO [Catalina-utility-2] org.apache.jasper.servlet.TldScanner.scanJars Au moins un fichier JAR a été analysé pour trouver des TLDs mais il n'en contenait pas, le mode "debug" du journal peut être activé pour obtenir une liste complète de JAR scannés sans succès ; éviter d'analyser des JARs inutilement peut améliorer sensiblement le temps de démarrage et le temps de compilation des JSPs
18-Oct-2023 09:36:58.263 INFO [Catalina-utility-2] org.apache.catalina.core.StandardContext.reload Le rechargement de ce contexte est terminé
18-Oct-2023 09:51:52.978 INFO [Catalina-utility-2] org.apache.catalina.startup.HostConfig.undeploy Retrait de l'application web ayant pour chemin de contexte [/servelet-tp1]
18-Oct-2023 09:51:53.005 INFO [Catalina-utility-2] org.apache.catalina.startup.HostConfig.deployDirectory Déploiement du répertoire d'application web [C:\Users\bapti\Documents\cours\BUT_S3\back-end\tomcat\webapps\servlet-tp1]
18-Oct-2023 09:51:53.173 INFO [Catalina-utility-2] org.apache.jasper.servlet.TldScanner.scanJars Au moins un fichier JAR a été analysé pour trouver des TLDs mais il n'en contenait pas, le mode "debug" du journal peut être activé pour obtenir une liste complète de JAR scannés sans succès ; éviter d'analyser des JARs inutilement peut améliorer sensiblement le temps de démarrage et le temps de compilation des JSPs
18-Oct-2023 09:51:53.180 INFO [Catalina-utility-2] org.apache.catalina.startup.HostConfig.deployDirectory Le déploiement du répertoire [C:\Users\bapti\Documents\cours\BUT_S3\back-end\tomcat\webapps\servlet-tp1] de l'application web s'est terminé en [175] ms
18-Oct-2023 09:52:43.405 INFO [Catalina-utility-2] org.apache.catalina.core.StandardContext.reload Le rechargement du contexte [/servlet-tp1] a démarré
18-Oct-2023 09:52:43.619 INFO [Catalina-utility-2] org.apache.jasper.servlet.TldScanner.scanJars Au moins un fichier JAR a été analysé pour trouver des TLDs mais il n'en contenait pas, le mode "debug" du journal peut être activé pour obtenir une liste complète de JAR scannés sans succès ; éviter d'analyser des JARs inutilement peut améliorer sensiblement le temps de démarrage et le temps de compilation des JSPs
18-Oct-2023 09:52:43.622 INFO [Catalina-utility-2] org.apache.catalina.core.StandardContext.reload Le rechargement de ce contexte est terminé
18-Oct-2023 09:53:43.861 INFO [Catalina-utility-1] org.apache.catalina.core.StandardContext.reload Le rechargement du contexte [/servlet-tp1] a démarré
18-Oct-2023 09:53:44.031 INFO [Catalina-utility-1] org.apache.jasper.servlet.TldScanner.scanJars Au moins un fichier JAR a été analysé pour trouver des TLDs mais il n'en contenait pas, le mode "debug" du journal peut être activé pour obtenir une liste complète de JAR scannés sans succès ; éviter d'analyser des JARs inutilement peut améliorer sensiblement le temps de démarrage et le temps de compilation des JSPs
18-Oct-2023 09:53:44.041 INFO [Catalina-utility-1] org.apache.catalina.core.StandardContext.reload Le rechargement de ce contexte est terminé
18-Oct-2023 09:53:54.076 INFO [Catalina-utility-2] org.apache.catalina.core.StandardContext.reload Le rechargement du contexte [/servlet-tp1] a démarré
18-Oct-2023 09:53:54.236 INFO [Catalina-utility-2] org.apache.jasper.servlet.TldScanner.scanJars Au moins un fichier JAR a été analysé pour trouver des TLDs mais il n'en contenait pas, le mode "debug" du journal peut être activé pour obtenir une liste complète de JAR scannés sans succès ; éviter d'analyser des JARs inutilement peut améliorer sensiblement le temps de démarrage et le temps de compilation des JSPs
18-Oct-2023 09:53:54.238 INFO [Catalina-utility-2] org.apache.catalina.core.StandardContext.reload Le rechargement de ce contexte est terminé
18-Oct-2023 09:54:04.273 INFO [Catalina-utility-2] org.apache.catalina.core.StandardContext.reload Le rechargement du contexte [/servlet-tp1] a démarré
18-Oct-2023 09:54:04.406 INFO [Catalina-utility-2] org.apache.jasper.servlet.TldScanner.scanJars Au moins un fichier JAR a été analysé pour trouver des TLDs mais il n'en contenait pas, le mode "debug" du journal peut être activé pour obtenir une liste complète de JAR scannés sans succès ; éviter d'analyser des JARs inutilement peut améliorer sensiblement le temps de démarrage et le temps de compilation des JSPs
18-Oct-2023 09:54:04.413 INFO [Catalina-utility-2] org.apache.catalina.core.StandardContext.reload Le rechargement de ce contexte est terminé
18-Oct-2023 09:54:14.430 INFO [Catalina-utility-2] org.apache.catalina.core.StandardContext.reload Le rechargement du contexte [/servlet-tp1] a démarré
18-Oct-2023 09:54:14.582 INFO [Catalina-utility-2] org.apache.jasper.servlet.TldScanner.scanJars Au moins un fichier JAR a été analysé pour trouver des TLDs mais il n'en contenait pas, le mode "debug" du journal peut être activé pour obtenir une liste complète de JAR scannés sans succès ; éviter d'analyser des JARs inutilement peut améliorer sensiblement le temps de démarrage et le temps de compilation des JSPs
18-Oct-2023 09:54:14.590 INFO [Catalina-utility-2] org.apache.catalina.core.StandardContext.reload Le rechargement de ce contexte est terminé
18-Oct-2023 09:54:34.657 INFO [Catalina-utility-2] org.apache.catalina.core.StandardContext.reload Le rechargement du contexte [/servlet-tp1] a démarré
18-Oct-2023 09:54:34.790 INFO [Catalina-utility-2] org.apache.jasper.servlet.TldScanner.scanJars Au moins un fichier JAR a été analysé pour trouver des TLDs mais il n'en contenait pas, le mode "debug" du journal peut être activé pour obtenir une liste complète de JAR scannés sans succès ; éviter d'analyser des JARs inutilement peut améliorer sensiblement le temps de démarrage et le temps de compilation des JSPs
18-Oct-2023 09:54:34.790 INFO [Catalina-utility-2] org.apache.catalina.core.StandardContext.reload Le rechargement de ce contexte est terminé
18-Oct-2023 09:54:44.850 INFO [Catalina-utility-1] org.apache.catalina.core.StandardContext.reload Le rechargement du contexte [/servlet-tp1] a démarré
18-Oct-2023 09:54:44.994 INFO [Catalina-utility-1] org.apache.jasper.servlet.TldScanner.scanJars Au moins un fichier JAR a été analysé pour trouver des TLDs mais il n'en contenait pas, le mode "debug" du journal peut être activé pour obtenir une liste complète de JAR scannés sans succès ; éviter d'analyser des JARs inutilement peut améliorer sensiblement le temps de démarrage et le temps de compilation des JSPs
18-Oct-2023 09:54:44.994 INFO [Catalina-utility-1] org.apache.catalina.core.StandardContext.reload Le rechargement de ce contexte est terminé
18-Oct-2023 10:09:41.142 INFO [main] org.apache.catalina.startup.VersionLoggerListener.log Nom version serveur :              Apache Tomcat/10.1.14
18-Oct-2023 10:09:41.146 INFO [main] org.apache.catalina.startup.VersionLoggerListener.log Serveur compilé :                  Oct 9 2023 21:01:11 UTC
18-Oct-2023 10:09:41.146 INFO [main] org.apache.catalina.startup.VersionLoggerListener.log Version du serveur :               10.1.14.0
18-Oct-2023 10:09:41.146 INFO [main] org.apache.catalina.startup.VersionLoggerListener.log Nom de l'OS :                      Windows 11
18-Oct-2023 10:09:41.146 INFO [main] org.apache.catalina.startup.VersionLoggerListener.log Version OS :                       10.0
18-Oct-2023 10:09:41.146 INFO [main] org.apache.catalina.startup.VersionLoggerListener.log Architecture :                     amd64
18-Oct-2023 10:09:41.146 INFO [main] org.apache.catalina.startup.VersionLoggerListener.log Java Home :                        C:\Program Files\Java\jdk-19
18-Oct-2023 10:09:41.146 INFO [main] org.apache.catalina.startup.VersionLoggerListener.log Version JVM :                      19.0.1+10-21
18-Oct-2023 10:09:41.146 INFO [main] org.apache.catalina.startup.VersionLoggerListener.log Fournisseur de la JVM :            Oracle Corporation
18-Oct-2023 10:09:41.146 INFO [main] org.apache.catalina.startup.VersionLoggerListener.log CATALINA_BASE :                    C:\Users\bapti\Documents\cours\BUT_S3\back-end\tomcat
18-Oct-2023 10:09:41.146 INFO [main] org.apache.catalina.startup.VersionLoggerListener.log CATALINA_HOME :                    C:\Users\bapti\Documents\cours\BUT_S3\back-end\tomcat
18-Oct-2023 10:09:41.153 INFO [main] org.apache.catalina.startup.VersionLoggerListener.log Argument de la ligne de commande : -Djava.util.logging.config.file=C:\Users\bapti\Documents\cours\BUT_S3\back-end\tomcat\conf\logging.properties
18-Oct-2023 10:09:41.153 INFO [main] org.apache.catalina.startup.VersionLoggerListener.log Argument de la ligne de commande : -Djava.util.logging.manager=org.apache.juli.ClassLoaderLogManager
18-Oct-2023 10:09:41.153 INFO [main] org.apache.catalina.startup.VersionLoggerListener.log Argument de la ligne de commande : -Djdk.tls.ephemeralDHKeySize=2048
18-Oct-2023 10:09:41.153 INFO [main] org.apache.catalina.startup.VersionLoggerListener.log Argument de la ligne de commande : -Djava.protocol.handler.pkgs=org.apache.catalina.webresources
18-Oct-2023 10:09:41.153 INFO [main] org.apache.catalina.startup.VersionLoggerListener.log Argument de la ligne de commande : --add-opens=java.base/java.lang=ALL-UNNAMED
18-Oct-2023 10:09:41.153 INFO [main] org.apache.catalina.startup.VersionLoggerListener.log Argument de la ligne de commande : --add-opens=java.base/java.io=ALL-UNNAMED
18-Oct-2023 10:09:41.157 INFO [main] org.apache.catalina.startup.VersionLoggerListener.log Argument de la ligne de commande : --add-opens=java.base/java.util=ALL-UNNAMED
18-Oct-2023 10:09:41.157 INFO [main] org.apache.catalina.startup.VersionLoggerListener.log Argument de la ligne de commande : --add-opens=java.base/java.util.concurrent=ALL-UNNAMED
18-Oct-2023 10:09:41.157 INFO [main] org.apache.catalina.startup.VersionLoggerListener.log Argument de la ligne de commande : --add-opens=java.rmi/sun.rmi.transport=ALL-UNNAMED
18-Oct-2023 10:09:41.157 INFO [main] org.apache.catalina.startup.VersionLoggerListener.log Argument de la ligne de commande : -Dcatalina.base=C:\Users\bapti\Documents\cours\BUT_S3\back-end\tomcat
18-Oct-2023 10:09:41.157 INFO [main] org.apache.catalina.startup.VersionLoggerListener.log Argument de la ligne de commande : -Dcatalina.home=C:\Users\bapti\Documents\cours\BUT_S3\back-end\tomcat
18-Oct-2023 10:09:41.157 INFO [main] org.apache.catalina.startup.VersionLoggerListener.log Argument de la ligne de commande : -Djava.io.tmpdir=C:\Users\bapti\Documents\cours\BUT_S3\back-end\tomcat\temp
18-Oct-2023 10:09:41.163 INFO [main] org.apache.catalina.core.AprLifecycleListener.lifecycleEvent La librairie Apache Tomcat Native basée sur APR qui permet des performances optimales dans les environnements de production n'a pas été trouvée sur le java.library.path : [C:\Program Files\Java\jdk-19\bin;C:\WINDOWS\Sun\Java\bin;C:\WINDOWS\system32;C:\WINDOWS;C:\Program Files\Common Files\Oracle\Java\javapath;C:\Program Files (x86)\Common Files\Oracle\Java\javapath;C:\Program Files (x86)\Razer Chroma SDK\bin;C:\Program Files\Razer Chroma SDK\bin;C:\Program Files (x86)\Razer\ChromaBroadcast\bin;C:\Program Files\Razer\ChromaBroadcast\bin;C:\ProgramData\Oracle\Java\javapath;C:\windows\system32;C:\windows;C:\windows\System32\Wbem;C:\windows\System32\WindowsPowerShell\v1.0\;C:\windows\System32\OpenSSH\;C:\Program Files (x86)\NVIDIA Corporation\PhysX\Common;C:\Program Files\NVIDIA Corporation\NVIDIA NvDLISR;C:\windows\system32\config\systemprofile\AppData\Local\Microsoft\WindowsApps;C:\WINDOWS\system32;C:\WINDOWS;C:\WINDOWS\System32\Wbem;C:\WINDOWS\System32\WindowsPowerShell\v1.0\;C:\WINDOWS\System32\OpenSSH\;C:\Program Files (x86)\Keyman\Keyman Developer\;C:\TDM-GCC-64\bin;C:\Program Files\Pandoc\;C:\Ruby32-x64\bin;C:\Program Files\Java\jdk-19\bin;C:\Users\bapti\AppData\Local\Microsoft\WindowsApps;C:\Users\bapti\AppData\Local\Programs\Microsoft VS Code\bin;C:\Users\bapti\AppData\Local\Programs\MiKTeX\miktex\bin\x64\;C:\Users\bapti\Documents\cours\BUT_s2\ALL_SAE\SAE_dev\B4;;.]
18-Oct-2023 10:09:41.392 INFO [main] org.apache.coyote.AbstractProtocol.init Initialisation du gestionnaire de protocole ["http-nio-8080"]
18-Oct-2023 10:09:41.412 INFO [main] org.apache.catalina.startup.Catalina.load L'initialisation du serveur a pris [424] millisecondes
18-Oct-2023 10:09:41.458 INFO [main] org.apache.catalina.core.StandardService.startInternal Démarrage du service [Catalina]
18-Oct-2023 10:09:41.458 INFO [main] org.apache.catalina.core.StandardEngine.startInternal Démarrage du moteur de Servlets : [Apache Tomcat/10.1.14]
18-Oct-2023 10:09:41.472 INFO [main] org.apache.catalina.startup.HostConfig.deployDirectory Déploiement du répertoire d'application web [C:\Users\bapti\Documents\cours\BUT_S3\back-end\tomcat\webapps\docs]
18-Oct-2023 10:09:41.736 INFO [main] org.apache.catalina.startup.HostConfig.deployDirectory Le déploiement du répertoire [C:\Users\bapti\Documents\cours\BUT_S3\back-end\tomcat\webapps\docs] de l'application web s'est terminé en [270] ms
18-Oct-2023 10:09:41.743 INFO [main] org.apache.catalina.startup.HostConfig.deployDirectory Déploiement du répertoire d'application web [C:\Users\bapti\Documents\cours\BUT_S3\back-end\tomcat\webapps\examples]
18-Oct-2023 10:09:42.196 INFO [main] org.apache.catalina.startup.HostConfig.deployDirectory Le déploiement du répertoire [C:\Users\bapti\Documents\cours\BUT_S3\back-end\tomcat\webapps\examples] de l'application web s'est terminé en [453] ms
18-Oct-2023 10:09:42.196 INFO [main] org.apache.catalina.startup.HostConfig.deployDirectory Déploiement du répertoire d'application web [C:\Users\bapti\Documents\cours\BUT_S3\back-end\tomcat\webapps\host-manager]
18-Oct-2023 10:09:42.245 INFO [main] org.apache.catalina.startup.HostConfig.deployDirectory Le déploiement du répertoire [C:\Users\bapti\Documents\cours\BUT_S3\back-end\tomcat\webapps\host-manager] de l'application web s'est terminé en [49] ms
18-Oct-2023 10:09:42.245 INFO [main] org.apache.catalina.startup.HostConfig.deployDirectory Déploiement du répertoire d'application web [C:\Users\bapti\Documents\cours\BUT_S3\back-end\tomcat\webapps\manager]
18-Oct-2023 10:09:42.292 INFO [main] org.apache.catalina.startup.HostConfig.deployDirectory Le déploiement du répertoire [C:\Users\bapti\Documents\cours\BUT_S3\back-end\tomcat\webapps\manager] de l'application web s'est terminé en [47] ms
18-Oct-2023 10:09:42.292 INFO [main] org.apache.catalina.startup.HostConfig.deployDirectory Déploiement du répertoire d'application web [C:\Users\bapti\Documents\cours\BUT_S3\back-end\tomcat\webapps\ROOT]
18-Oct-2023 10:09:42.320 INFO [main] org.apache.catalina.startup.HostConfig.deployDirectory Le déploiement du répertoire [C:\Users\bapti\Documents\cours\BUT_S3\back-end\tomcat\webapps\ROOT] de l'application web s'est terminé en [28] ms
18-Oct-2023 10:09:42.320 INFO [main] org.apache.catalina.startup.HostConfig.deployDirectory Déploiement du répertoire d'application web [C:\Users\bapti\Documents\cours\BUT_S3\back-end\tomcat\webapps\servlet-tp1]
18-Oct-2023 10:09:42.482 INFO [main] org.apache.jasper.servlet.TldScanner.scanJars Au moins un fichier JAR a été analysé pour trouver des TLDs mais il n'en contenait pas, le mode "debug" du journal peut être activé pour obtenir une liste complète de JAR scannés sans succès ; éviter d'analyser des JARs inutilement peut améliorer sensiblement le temps de démarrage et le temps de compilation des JSPs
18-Oct-2023 10:09:42.499 INFO [main] org.apache.catalina.startup.HostConfig.deployDirectory Le déploiement du répertoire [C:\Users\bapti\Documents\cours\BUT_S3\back-end\tomcat\webapps\servlet-tp1] de l'application web s'est terminé en [179] ms
18-Oct-2023 10:09:42.499 INFO [main] org.apache.catalina.startup.HostConfig.deployDirectory Déploiement du répertoire d'application web [C:\Users\bapti\Documents\cours\BUT_S3\back-end\tomcat\webapps\test]
18-Oct-2023 10:09:42.519 INFO [main] org.apache.catalina.startup.HostConfig.deployDirectory Le déploiement du répertoire [C:\Users\bapti\Documents\cours\BUT_S3\back-end\tomcat\webapps\test] de l'application web s'est terminé en [20] ms
18-Oct-2023 10:09:42.519 INFO [main] org.apache.coyote.AbstractProtocol.start Démarrage du gestionnaire de protocole ["http-nio-8080"]
18-Oct-2023 10:09:42.569 INFO [main] org.apache.catalina.startup.Catalina.start Le démarrage du serveur a pris [1157] millisecondes
18-Oct-2023 10:11:22.985 INFO [Catalina-utility-1] org.apache.catalina.core.StandardContext.reload Le rechargement du contexte [/servlet-tp1] a démarré
18-Oct-2023 10:11:23.174 INFO [Catalina-utility-1] org.apache.jasper.servlet.TldScanner.scanJars Au moins un fichier JAR a été analysé pour trouver des TLDs mais il n'en contenait pas, le mode "debug" du journal peut être activé pour obtenir une liste complète de JAR scannés sans succès ; éviter d'analyser des JARs inutilement peut améliorer sensiblement le temps de démarrage et le temps de compilation des JSPs
18-Oct-2023 10:11:23.176 INFO [Catalina-utility-1] org.apache.catalina.core.StandardContext.reload Le rechargement de ce contexte est terminé
18-Oct-2023 10:12:33.481 INFO [Catalina-utility-1] org.apache.catalina.core.StandardContext.reload Le rechargement du contexte [/servlet-tp1] a démarré
18-Oct-2023 10:12:33.637 INFO [Catalina-utility-1] org.apache.jasper.servlet.TldScanner.scanJars Au moins un fichier JAR a été analysé pour trouver des TLDs mais il n'en contenait pas, le mode "debug" du journal peut être activé pour obtenir une liste complète de JAR scannés sans succès ; éviter d'analyser des JARs inutilement peut améliorer sensiblement le temps de démarrage et le temps de compilation des JSPs
18-Oct-2023 10:12:33.640 INFO [Catalina-utility-1] org.apache.catalina.core.StandardContext.reload Le rechargement de ce contexte est terminé
18-Oct-2023 10:12:53.737 INFO [Catalina-utility-1] org.apache.catalina.core.StandardContext.reload Le rechargement du contexte [/servlet-tp1] a démarré
18-Oct-2023 10:12:53.879 INFO [Catalina-utility-1] org.apache.jasper.servlet.TldScanner.scanJars Au moins un fichier JAR a été analysé pour trouver des TLDs mais il n'en contenait pas, le mode "debug" du journal peut être activé pour obtenir une liste complète de JAR scannés sans succès ; éviter d'analyser des JARs inutilement peut améliorer sensiblement le temps de démarrage et le temps de compilation des JSPs
18-Oct-2023 10:12:53.879 INFO [Catalina-utility-1] org.apache.catalina.core.StandardContext.reload Le rechargement de ce contexte est terminé
18-Oct-2023 10:13:24.049 INFO [Catalina-utility-1] org.apache.catalina.core.StandardContext.reload Le rechargement du contexte [/servlet-tp1] a démarré
18-Oct-2023 10:13:24.206 INFO [Catalina-utility-1] org.apache.jasper.servlet.TldScanner.scanJars Au moins un fichier JAR a été analysé pour trouver des TLDs mais il n'en contenait pas, le mode "debug" du journal peut être activé pour obtenir une liste complète de JAR scannés sans succès ; éviter d'analyser des JARs inutilement peut améliorer sensiblement le temps de démarrage et le temps de compilation des JSPs
18-Oct-2023 10:13:24.208 INFO [Catalina-utility-1] org.apache.catalina.core.StandardContext.reload Le rechargement de ce contexte est terminé
18-Oct-2023 10:13:34.249 INFO [Catalina-utility-1] org.apache.catalina.core.StandardContext.reload Le rechargement du contexte [/servlet-tp1] a démarré
18-Oct-2023 10:13:34.403 INFO [Catalina-utility-1] org.apache.jasper.servlet.TldScanner.scanJars Au moins un fichier JAR a été analysé pour trouver des TLDs mais il n'en contenait pas, le mode "debug" du journal peut être activé pour obtenir une liste complète de JAR scannés sans succès ; éviter d'analyser des JARs inutilement peut améliorer sensiblement le temps de démarrage et le temps de compilation des JSPs
18-Oct-2023 10:13:34.403 INFO [Catalina-utility-1] org.apache.catalina.core.StandardContext.reload Le rechargement de ce contexte est terminé
18-Oct-2023 10:13:44.458 INFO [Catalina-utility-1] org.apache.catalina.core.StandardContext.reload Le rechargement du contexte [/servlet-tp1] a démarré
18-Oct-2023 10:13:44.600 INFO [Catalina-utility-1] org.apache.jasper.servlet.TldScanner.scanJars Au moins un fichier JAR a été analysé pour trouver des TLDs mais il n'en contenait pas, le mode "debug" du journal peut être activé pour obtenir une liste complète de JAR scannés sans succès ; éviter d'analyser des JARs inutilement peut améliorer sensiblement le temps de démarrage et le temps de compilation des JSPs
18-Oct-2023 10:13:44.600 INFO [Catalina-utility-1] org.apache.catalina.core.StandardContext.reload Le rechargement de ce contexte est terminé
18-Oct-2023 10:32:53.246 INFO [main] org.apache.catalina.startup.VersionLoggerListener.log Nom version serveur :              Apache Tomcat/10.1.14
18-Oct-2023 10:32:53.254 INFO [main] org.apache.catalina.startup.VersionLoggerListener.log Serveur compilé :                  Oct 9 2023 21:01:11 UTC
18-Oct-2023 10:32:53.254 INFO [main] org.apache.catalina.startup.VersionLoggerListener.log Version du serveur :               10.1.14.0
18-Oct-2023 10:32:53.254 INFO [main] org.apache.catalina.startup.VersionLoggerListener.log Nom de l'OS :                      Windows 11
18-Oct-2023 10:32:53.254 INFO [main] org.apache.catalina.startup.VersionLoggerListener.log Version OS :                       10.0
18-Oct-2023 10:32:53.254 INFO [main] org.apache.catalina.startup.VersionLoggerListener.log Architecture :                     amd64
18-Oct-2023 10:32:53.254 INFO [main] org.apache.catalina.startup.VersionLoggerListener.log Java Home :                        C:\Program Files\Java\jdk-19
18-Oct-2023 10:32:53.254 INFO [main] org.apache.catalina.startup.VersionLoggerListener.log Version JVM :                      19.0.1+10-21
18-Oct-2023 10:32:53.256 INFO [main] org.apache.catalina.startup.VersionLoggerListener.log Fournisseur de la JVM :            Oracle Corporation
18-Oct-2023 10:32:53.256 INFO [main] org.apache.catalina.startup.VersionLoggerListener.log CATALINA_BASE :                    C:\Users\bapti\Documents\cours\BUT_S3\back-end\tomcat
18-Oct-2023 10:32:53.256 INFO [main] org.apache.catalina.startup.VersionLoggerListener.log CATALINA_HOME :                    C:\Users\bapti\Documents\cours\BUT_S3\back-end\tomcat
18-Oct-2023 10:32:53.262 INFO [main] org.apache.catalina.startup.VersionLoggerListener.log Argument de la ligne de commande : -Djava.util.logging.config.file=C:\Users\bapti\Documents\cours\BUT_S3\back-end\tomcat\conf\logging.properties
18-Oct-2023 10:32:53.262 INFO [main] org.apache.catalina.startup.VersionLoggerListener.log Argument de la ligne de commande : -Djava.util.logging.manager=org.apache.juli.ClassLoaderLogManager
18-Oct-2023 10:32:53.262 INFO [main] org.apache.catalina.startup.VersionLoggerListener.log Argument de la ligne de commande : -Djdk.tls.ephemeralDHKeySize=2048
18-Oct-2023 10:32:53.262 INFO [main] org.apache.catalina.startup.VersionLoggerListener.log Argument de la ligne de commande : -Djava.protocol.handler.pkgs=org.apache.catalina.webresources
18-Oct-2023 10:32:53.262 INFO [main] org.apache.catalina.startup.VersionLoggerListener.log Argument de la ligne de commande : --add-opens=java.base/java.lang=ALL-UNNAMED
18-Oct-2023 10:32:53.262 INFO [main] org.apache.catalina.startup.VersionLoggerListener.log Argument de la ligne de commande : --add-opens=java.base/java.io=ALL-UNNAMED
18-Oct-2023 10:32:53.262 INFO [main] org.apache.catalina.startup.VersionLoggerListener.log Argument de la ligne de commande : --add-opens=java.base/java.util=ALL-UNNAMED
18-Oct-2023 10:32:53.262 INFO [main] org.apache.catalina.startup.VersionLoggerListener.log Argument de la ligne de commande : --add-opens=java.base/java.util.concurrent=ALL-UNNAMED
18-Oct-2023 10:32:53.262 INFO [main] org.apache.catalina.startup.VersionLoggerListener.log Argument de la ligne de commande : --add-opens=java.rmi/sun.rmi.transport=ALL-UNNAMED
18-Oct-2023 10:32:53.262 INFO [main] org.apache.catalina.startup.VersionLoggerListener.log Argument de la ligne de commande : -Dcatalina.base=C:\Users\bapti\Documents\cours\BUT_S3\back-end\tomcat
18-Oct-2023 10:32:53.262 INFO [main] org.apache.catalina.startup.VersionLoggerListener.log Argument de la ligne de commande : -Dcatalina.home=C:\Users\bapti\Documents\cours\BUT_S3\back-end\tomcat
18-Oct-2023 10:32:53.267 INFO [main] org.apache.catalina.startup.VersionLoggerListener.log Argument de la ligne de commande : -Djava.io.tmpdir=C:\Users\bapti\Documents\cours\BUT_S3\back-end\tomcat\temp
18-Oct-2023 10:32:53.267 INFO [main] org.apache.catalina.core.AprLifecycleListener.lifecycleEvent La librairie Apache Tomcat Native basée sur APR qui permet des performances optimales dans les environnements de production n'a pas été trouvée sur le java.library.path : [C:\Program Files\Java\jdk-19\bin;C:\WINDOWS\Sun\Java\bin;C:\WINDOWS\system32;C:\WINDOWS;C:\Program Files\Common Files\Oracle\Java\javapath;C:\Program Files (x86)\Common Files\Oracle\Java\javapath;C:\Program Files (x86)\Razer Chroma SDK\bin;C:\Program Files\Razer Chroma SDK\bin;C:\Program Files (x86)\Razer\ChromaBroadcast\bin;C:\Program Files\Razer\ChromaBroadcast\bin;C:\ProgramData\Oracle\Java\javapath;C:\windows\system32;C:\windows;C:\windows\System32\Wbem;C:\windows\System32\WindowsPowerShell\v1.0\;C:\windows\System32\OpenSSH\;C:\Program Files (x86)\NVIDIA Corporation\PhysX\Common;C:\Program Files\NVIDIA Corporation\NVIDIA NvDLISR;C:\windows\system32\config\systemprofile\AppData\Local\Microsoft\WindowsApps;C:\WINDOWS\system32;C:\WINDOWS;C:\WINDOWS\System32\Wbem;C:\WINDOWS\System32\WindowsPowerShell\v1.0\;C:\WINDOWS\System32\OpenSSH\;C:\Program Files (x86)\Keyman\Keyman Developer\;C:\TDM-GCC-64\bin;C:\Program Files\Pandoc\;C:\Ruby32-x64\bin;C:\Program Files\Java\jdk-19\bin;C:\Users\bapti\AppData\Local\Microsoft\WindowsApps;C:\Users\bapti\AppData\Local\Programs\Microsoft VS Code\bin;C:\Users\bapti\AppData\Local\Programs\MiKTeX\miktex\bin\x64\;C:\Users\bapti\Documents\cours\BUT_s2\ALL_SAE\SAE_dev\B4;;.]
18-Oct-2023 10:32:53.490 INFO [main] org.apache.coyote.AbstractProtocol.init Initialisation du gestionnaire de protocole ["http-nio-8080"]
18-Oct-2023 10:32:53.510 INFO [main] org.apache.catalina.startup.Catalina.load L'initialisation du serveur a pris [407] millisecondes
18-Oct-2023 10:32:53.550 INFO [main] org.apache.catalina.core.StandardService.startInternal Démarrage du service [Catalina]
18-Oct-2023 10:32:53.550 INFO [main] org.apache.catalina.core.StandardEngine.startInternal Démarrage du moteur de Servlets : [Apache Tomcat/10.1.14]
18-Oct-2023 10:32:53.564 INFO [main] org.apache.catalina.startup.HostConfig.deployDirectory Déploiement du répertoire d'application web [C:\Users\bapti\Documents\cours\BUT_S3\back-end\tomcat\webapps\docs]
18-Oct-2023 10:32:53.835 INFO [main] org.apache.catalina.startup.HostConfig.deployDirectory Le déploiement du répertoire [C:\Users\bapti\Documents\cours\BUT_S3\back-end\tomcat\webapps\docs] de l'application web s'est terminé en [271] ms
18-Oct-2023 10:32:53.835 INFO [main] org.apache.catalina.startup.HostConfig.deployDirectory Déploiement du répertoire d'application web [C:\Users\bapti\Documents\cours\BUT_S3\back-end\tomcat\webapps\examples]
18-Oct-2023 10:32:54.289 INFO [main] org.apache.catalina.startup.HostConfig.deployDirectory Le déploiement du répertoire [C:\Users\bapti\Documents\cours\BUT_S3\back-end\tomcat\webapps\examples] de l'application web s'est terminé en [453] ms
18-Oct-2023 10:32:54.289 INFO [main] org.apache.catalina.startup.HostConfig.deployDirectory Déploiement du répertoire d'application web [C:\Users\bapti\Documents\cours\BUT_S3\back-end\tomcat\webapps\host-manager]
18-Oct-2023 10:32:54.334 INFO [main] org.apache.catalina.startup.HostConfig.deployDirectory Le déploiement du répertoire [C:\Users\bapti\Documents\cours\BUT_S3\back-end\tomcat\webapps\host-manager] de l'application web s'est terminé en [45] ms
18-Oct-2023 10:32:54.334 INFO [main] org.apache.catalina.startup.HostConfig.deployDirectory Déploiement du répertoire d'application web [C:\Users\bapti\Documents\cours\BUT_S3\back-end\tomcat\webapps\manager]
18-Oct-2023 10:32:54.382 INFO [main] org.apache.catalina.startup.HostConfig.deployDirectory Le déploiement du répertoire [C:\Users\bapti\Documents\cours\BUT_S3\back-end\tomcat\webapps\manager] de l'application web s'est terminé en [47] ms
18-Oct-2023 10:32:54.382 INFO [main] org.apache.catalina.startup.HostConfig.deployDirectory Déploiement du répertoire d'application web [C:\Users\bapti\Documents\cours\BUT_S3\back-end\tomcat\webapps\ROOT]
18-Oct-2023 10:32:54.405 INFO [main] org.apache.catalina.startup.HostConfig.deployDirectory Le déploiement du répertoire [C:\Users\bapti\Documents\cours\BUT_S3\back-end\tomcat\webapps\ROOT] de l'application web s'est terminé en [22] ms
18-Oct-2023 10:32:54.405 INFO [main] org.apache.catalina.startup.HostConfig.deployDirectory Déploiement du répertoire d'application web [C:\Users\bapti\Documents\cours\BUT_S3\back-end\tomcat\webapps\servlet-tp1]
18-Oct-2023 10:32:54.587 INFO [main] org.apache.jasper.servlet.TldScanner.scanJars Au moins un fichier JAR a été analysé pour trouver des TLDs mais il n'en contenait pas, le mode "debug" du journal peut être activé pour obtenir une liste complète de JAR scannés sans succès ; éviter d'analyser des JARs inutilement peut améliorer sensiblement le temps de démarrage et le temps de compilation des JSPs
18-Oct-2023 10:32:54.600 INFO [main] org.apache.catalina.startup.HostConfig.deployDirectory Le déploiement du répertoire [C:\Users\bapti\Documents\cours\BUT_S3\back-end\tomcat\webapps\servlet-tp1] de l'application web s'est terminé en [194] ms
18-Oct-2023 10:32:54.600 INFO [main] org.apache.catalina.startup.HostConfig.deployDirectory Déploiement du répertoire d'application web [C:\Users\bapti\Documents\cours\BUT_S3\back-end\tomcat\webapps\test]
18-Oct-2023 10:32:54.624 INFO [main] org.apache.catalina.startup.HostConfig.deployDirectory Le déploiement du répertoire [C:\Users\bapti\Documents\cours\BUT_S3\back-end\tomcat\webapps\test] de l'application web s'est terminé en [24] ms
18-Oct-2023 10:32:54.627 INFO [main] org.apache.coyote.AbstractProtocol.start Démarrage du gestionnaire de protocole ["http-nio-8080"]
18-Oct-2023 10:32:54.671 INFO [main] org.apache.catalina.startup.Catalina.start Le démarrage du serveur a pris [1157] millisecondes
18-Oct-2023 10:33:54.880 INFO [Catalina-utility-1] org.apache.catalina.core.StandardContext.reload Le rechargement du contexte [/servlet-tp1] a démarré
18-Oct-2023 10:33:55.050 INFO [Catalina-utility-1] org.apache.jasper.servlet.TldScanner.scanJars Au moins un fichier JAR a été analysé pour trouver des TLDs mais il n'en contenait pas, le mode "debug" du journal peut être activé pour obtenir une liste complète de JAR scannés sans succès ; éviter d'analyser des JARs inutilement peut améliorer sensiblement le temps de démarrage et le temps de compilation des JSPs
18-Oct-2023 10:33:55.053 INFO [Catalina-utility-1] org.apache.catalina.core.StandardContext.reload Le rechargement de ce contexte est terminé
18-Oct-2023 10:34:05.082 INFO [Catalina-utility-2] org.apache.catalina.core.StandardContext.reload Le rechargement du contexte [/servlet-tp1] a démarré
18-Oct-2023 10:34:05.262 INFO [Catalina-utility-2] org.apache.jasper.servlet.TldScanner.scanJars Au moins un fichier JAR a été analysé pour trouver des TLDs mais il n'en contenait pas, le mode "debug" du journal peut être activé pour obtenir une liste complète de JAR scannés sans succès ; éviter d'analyser des JARs inutilement peut améliorer sensiblement le temps de démarrage et le temps de compilation des JSPs
18-Oct-2023 10:34:05.264 INFO [Catalina-utility-2] org.apache.catalina.core.StandardContext.reload Le rechargement de ce contexte est terminé
18-Oct-2023 10:34:45.437 INFO [Catalina-utility-2] org.apache.catalina.core.StandardContext.reload Le rechargement du contexte [/servlet-tp1] a démarré
18-Oct-2023 10:34:45.613 INFO [Catalina-utility-2] org.apache.jasper.servlet.TldScanner.scanJars Au moins un fichier JAR a été analysé pour trouver des TLDs mais il n'en contenait pas, le mode "debug" du journal peut être activé pour obtenir une liste complète de JAR scannés sans succès ; éviter d'analyser des JARs inutilement peut améliorer sensiblement le temps de démarrage et le temps de compilation des JSPs
18-Oct-2023 10:34:45.615 INFO [Catalina-utility-2] org.apache.catalina.core.StandardContext.reload Le rechargement de ce contexte est terminé
18-Oct-2023 10:34:55.635 INFO [Catalina-utility-1] org.apache.catalina.core.StandardContext.reload Le rechargement du contexte [/servlet-tp1] a démarré
18-Oct-2023 10:34:55.767 INFO [Catalina-utility-1] org.apache.jasper.servlet.TldScanner.scanJars Au moins un fichier JAR a été analysé pour trouver des TLDs mais il n'en contenait pas, le mode "debug" du journal peut être activé pour obtenir une liste complète de JAR scannés sans succès ; éviter d'analyser des JARs inutilement peut améliorer sensiblement le temps de démarrage et le temps de compilation des JSPs
18-Oct-2023 10:34:55.767 INFO [Catalina-utility-1] org.apache.catalina.core.StandardContext.reload Le rechargement de ce contexte est terminé
18-Oct-2023 10:35:05.811 INFO [Catalina-utility-1] org.apache.catalina.core.StandardContext.reload Le rechargement du contexte [/servlet-tp1] a démarré
18-Oct-2023 10:35:05.972 INFO [Catalina-utility-1] org.apache.jasper.servlet.TldScanner.scanJars Au moins un fichier JAR a été analysé pour trouver des TLDs mais il n'en contenait pas, le mode "debug" du journal peut être activé pour obtenir une liste complète de JAR scannés sans succès ; éviter d'analyser des JARs inutilement peut améliorer sensiblement le temps de démarrage et le temps de compilation des JSPs
18-Oct-2023 10:35:05.972 INFO [Catalina-utility-1] org.apache.catalina.core.StandardContext.reload Le rechargement de ce contexte est terminé
18-Oct-2023 10:36:06.258 INFO [Catalina-utility-1] org.apache.catalina.core.StandardContext.reload Le rechargement du contexte [/servlet-tp1] a démarré
18-Oct-2023 10:36:06.416 INFO [Catalina-utility-1] org.apache.jasper.servlet.TldScanner.scanJars Au moins un fichier JAR a été analysé pour trouver des TLDs mais il n'en contenait pas, le mode "debug" du journal peut être activé pour obtenir une liste complète de JAR scannés sans succès ; éviter d'analyser des JARs inutilement peut améliorer sensiblement le temps de démarrage et le temps de compilation des JSPs
18-Oct-2023 10:36:06.419 INFO [Catalina-utility-1] org.apache.catalina.core.StandardContext.reload Le rechargement de ce contexte est terminé
18-Oct-2023 10:37:16.776 INFO [Catalina-utility-1] org.apache.catalina.core.StandardContext.reload Le rechargement du contexte [/servlet-tp1] a démarré
18-Oct-2023 10:37:16.934 INFO [Catalina-utility-1] org.apache.jasper.servlet.TldScanner.scanJars Au moins un fichier JAR a été analysé pour trouver des TLDs mais il n'en contenait pas, le mode "debug" du journal peut être activé pour obtenir une liste complète de JAR scannés sans succès ; éviter d'analyser des JARs inutilement peut améliorer sensiblement le temps de démarrage et le temps de compilation des JSPs
18-Oct-2023 10:37:16.934 INFO [Catalina-utility-1] org.apache.catalina.core.StandardContext.reload Le rechargement de ce contexte est terminé
18-Oct-2023 10:38:07.174 INFO [Catalina-utility-1] org.apache.catalina.core.StandardContext.reload Le rechargement du contexte [/servlet-tp1] a démarré
18-Oct-2023 10:38:07.329 INFO [Catalina-utility-1] org.apache.jasper.servlet.TldScanner.scanJars Au moins un fichier JAR a été analysé pour trouver des TLDs mais il n'en contenait pas, le mode "debug" du journal peut être activé pour obtenir une liste complète de JAR scannés sans succès ; éviter d'analyser des JARs inutilement peut améliorer sensiblement le temps de démarrage et le temps de compilation des JSPs
18-Oct-2023 10:38:07.329 INFO [Catalina-utility-1] org.apache.catalina.core.StandardContext.reload Le rechargement de ce contexte est terminé
18-Oct-2023 10:39:27.685 INFO [Catalina-utility-2] org.apache.catalina.core.StandardContext.reload Le rechargement du contexte [/servlet-tp1] a démarré
18-Oct-2023 10:39:27.839 INFO [Catalina-utility-2] org.apache.jasper.servlet.TldScanner.scanJars Au moins un fichier JAR a été analysé pour trouver des TLDs mais il n'en contenait pas, le mode "debug" du journal peut être activé pour obtenir une liste complète de JAR scannés sans succès ; éviter d'analyser des JARs inutilement peut améliorer sensiblement le temps de démarrage et le temps de compilation des JSPs
18-Oct-2023 10:39:27.839 INFO [Catalina-utility-2] org.apache.catalina.core.StandardContext.reload Le rechargement de ce contexte est terminé
18-Oct-2023 10:39:47.915 INFO [Catalina-utility-1] org.apache.catalina.core.StandardContext.reload Le rechargement du contexte [/servlet-tp1] a démarré
18-Oct-2023 10:39:48.057 INFO [Catalina-utility-1] org.apache.jasper.servlet.TldScanner.scanJars Au moins un fichier JAR a été analysé pour trouver des TLDs mais il n'en contenait pas, le mode "debug" du journal peut être activé pour obtenir une liste complète de JAR scannés sans succès ; éviter d'analyser des JARs inutilement peut améliorer sensiblement le temps de démarrage et le temps de compilation des JSPs
18-Oct-2023 10:39:48.057 INFO [Catalina-utility-1] org.apache.catalina.core.StandardContext.reload Le rechargement de ce contexte est terminé
18-Oct-2023 10:40:08.136 INFO [Catalina-utility-2] org.apache.catalina.core.StandardContext.reload Le rechargement du contexte [/servlet-tp1] a démarré
18-Oct-2023 10:40:08.294 INFO [Catalina-utility-2] org.apache.jasper.servlet.TldScanner.scanJars Au moins un fichier JAR a été analysé pour trouver des TLDs mais il n'en contenait pas, le mode "debug" du journal peut être activé pour obtenir une liste complète de JAR scannés sans succès ; éviter d'analyser des JARs inutilement peut améliorer sensiblement le temps de démarrage et le temps de compilation des JSPs
18-Oct-2023 10:40:08.294 INFO [Catalina-utility-2] org.apache.catalina.core.StandardContext.reload Le rechargement de ce contexte est terminé
18-Oct-2023 10:43:46.380 INFO [Catalina-utility-2] org.apache.catalina.core.StandardContext.reload Le rechargement du contexte [/servlet-tp1] a démarré
18-Oct-2023 10:43:46.528 INFO [Catalina-utility-2] org.apache.jasper.servlet.TldScanner.scanJars Au moins un fichier JAR a été analysé pour trouver des TLDs mais il n'en contenait pas, le mode "debug" du journal peut être activé pour obtenir une liste complète de JAR scannés sans succès ; éviter d'analyser des JARs inutilement peut améliorer sensiblement le temps de démarrage et le temps de compilation des JSPs
18-Oct-2023 10:43:46.538 INFO [Catalina-utility-2] org.apache.catalina.core.StandardContext.reload Le rechargement de ce contexte est terminé
18-Oct-2023 10:48:26.626 INFO [main] org.apache.catalina.startup.VersionLoggerListener.log Nom version serveur :              Apache Tomcat/10.1.14
18-Oct-2023 10:48:26.631 INFO [main] org.apache.catalina.startup.VersionLoggerListener.log Serveur compilé :                  Oct 9 2023 21:01:11 UTC
18-Oct-2023 10:48:26.631 INFO [main] org.apache.catalina.startup.VersionLoggerListener.log Version du serveur :               10.1.14.0
18-Oct-2023 10:48:26.631 INFO [main] org.apache.catalina.startup.VersionLoggerListener.log Nom de l'OS :                      Windows 11
18-Oct-2023 10:48:26.631 INFO [main] org.apache.catalina.startup.VersionLoggerListener.log Version OS :                       10.0
18-Oct-2023 10:48:26.631 INFO [main] org.apache.catalina.startup.VersionLoggerListener.log Architecture :                     amd64
18-Oct-2023 10:48:26.631 INFO [main] org.apache.catalina.startup.VersionLoggerListener.log Java Home :                        C:\Program Files\Java\jdk-19
18-Oct-2023 10:48:26.631 INFO [main] org.apache.catalina.startup.VersionLoggerListener.log Version JVM :                      19.0.1+10-21
18-Oct-2023 10:48:26.631 INFO [main] org.apache.catalina.startup.VersionLoggerListener.log Fournisseur de la JVM :            Oracle Corporation
18-Oct-2023 10:48:26.631 INFO [main] org.apache.catalina.startup.VersionLoggerListener.log CATALINA_BASE :                    C:\Users\bapti\Documents\cours\BUT_S3\back-end\tomcat
18-Oct-2023 10:48:26.631 INFO [main] org.apache.catalina.startup.VersionLoggerListener.log CATALINA_HOME :                    C:\Users\bapti\Documents\cours\BUT_S3\back-end\tomcat
18-Oct-2023 10:48:26.644 INFO [main] org.apache.catalina.startup.VersionLoggerListener.log Argument de la ligne de commande : -Djava.util.logging.config.file=C:\Users\bapti\Documents\cours\BUT_S3\back-end\tomcat\conf\logging.properties
18-Oct-2023 10:48:26.644 INFO [main] org.apache.catalina.startup.VersionLoggerListener.log Argument de la ligne de commande : -Djava.util.logging.manager=org.apache.juli.ClassLoaderLogManager
18-Oct-2023 10:48:26.645 INFO [main] org.apache.catalina.startup.VersionLoggerListener.log Argument de la ligne de commande : -Djdk.tls.ephemeralDHKeySize=2048
18-Oct-2023 10:48:26.645 INFO [main] org.apache.catalina.startup.VersionLoggerListener.log Argument de la ligne de commande : -Djava.protocol.handler.pkgs=org.apache.catalina.webresources
18-Oct-2023 10:48:26.645 INFO [main] org.apache.catalina.startup.VersionLoggerListener.log Argument de la ligne de commande : --add-opens=java.base/java.lang=ALL-UNNAMED
18-Oct-2023 10:48:26.645 INFO [main] org.apache.catalina.startup.VersionLoggerListener.log Argument de la ligne de commande : --add-opens=java.base/java.io=ALL-UNNAMED
18-Oct-2023 10:48:26.645 INFO [main] org.apache.catalina.startup.VersionLoggerListener.log Argument de la ligne de commande : --add-opens=java.base/java.util=ALL-UNNAMED
18-Oct-2023 10:48:26.645 INFO [main] org.apache.catalina.startup.VersionLoggerListener.log Argument de la ligne de commande : --add-opens=java.base/java.util.concurrent=ALL-UNNAMED
18-Oct-2023 10:48:26.645 INFO [main] org.apache.catalina.startup.VersionLoggerListener.log Argument de la ligne de commande : --add-opens=java.rmi/sun.rmi.transport=ALL-UNNAMED
18-Oct-2023 10:48:26.645 INFO [main] org.apache.catalina.startup.VersionLoggerListener.log Argument de la ligne de commande : -Dcatalina.base=C:\Users\bapti\Documents\cours\BUT_S3\back-end\tomcat
18-Oct-2023 10:48:26.645 INFO [main] org.apache.catalina.startup.VersionLoggerListener.log Argument de la ligne de commande : -Dcatalina.home=C:\Users\bapti\Documents\cours\BUT_S3\back-end\tomcat
18-Oct-2023 10:48:26.645 INFO [main] org.apache.catalina.startup.VersionLoggerListener.log Argument de la ligne de commande : -Djava.io.tmpdir=C:\Users\bapti\Documents\cours\BUT_S3\back-end\tomcat\temp
18-Oct-2023 10:48:26.655 INFO [main] org.apache.catalina.core.AprLifecycleListener.lifecycleEvent La librairie Apache Tomcat Native basée sur APR qui permet des performances optimales dans les environnements de production n'a pas été trouvée sur le java.library.path : [C:\Program Files\Java\jdk-19\bin;C:\WINDOWS\Sun\Java\bin;C:\WINDOWS\system32;C:\WINDOWS;C:\Program Files\Common Files\Oracle\Java\javapath;C:\Program Files (x86)\Common Files\Oracle\Java\javapath;C:\Program Files (x86)\Razer Chroma SDK\bin;C:\Program Files\Razer Chroma SDK\bin;C:\Program Files (x86)\Razer\ChromaBroadcast\bin;C:\Program Files\Razer\ChromaBroadcast\bin;C:\ProgramData\Oracle\Java\javapath;C:\windows\system32;C:\windows;C:\windows\System32\Wbem;C:\windows\System32\WindowsPowerShell\v1.0\;C:\windows\System32\OpenSSH\;C:\Program Files (x86)\NVIDIA Corporation\PhysX\Common;C:\Program Files\NVIDIA Corporation\NVIDIA NvDLISR;C:\windows\system32\config\systemprofile\AppData\Local\Microsoft\WindowsApps;C:\WINDOWS\system32;C:\WINDOWS;C:\WINDOWS\System32\Wbem;C:\WINDOWS\System32\WindowsPowerShell\v1.0\;C:\WINDOWS\System32\OpenSSH\;C:\Program Files (x86)\Keyman\Keyman Developer\;C:\TDM-GCC-64\bin;C:\Program Files\Pandoc\;C:\Ruby32-x64\bin;C:\Program Files\Java\jdk-19\bin;C:\Users\bapti\AppData\Local\Microsoft\WindowsApps;C:\Users\bapti\AppData\Local\Programs\Microsoft VS Code\bin;C:\Users\bapti\AppData\Local\Programs\MiKTeX\miktex\bin\x64\;C:\Users\bapti\Documents\cours\BUT_s2\ALL_SAE\SAE_dev\B4;;.]
18-Oct-2023 10:48:26.915 INFO [main] org.apache.coyote.AbstractProtocol.init Initialisation du gestionnaire de protocole ["http-nio-8080"]
18-Oct-2023 10:48:26.931 INFO [main] org.apache.catalina.startup.Catalina.load L'initialisation du serveur a pris [476] millisecondes
18-Oct-2023 10:48:26.985 INFO [main] org.apache.catalina.core.StandardService.startInternal Démarrage du service [Catalina]
18-Oct-2023 10:48:26.985 INFO [main] org.apache.catalina.core.StandardEngine.startInternal Démarrage du moteur de Servlets : [Apache Tomcat/10.1.14]
18-Oct-2023 10:48:26.995 INFO [main] org.apache.catalina.startup.HostConfig.deployDirectory Déploiement du répertoire d'application web [C:\Users\bapti\Documents\cours\BUT_S3\back-end\tomcat\webapps\docs]
18-Oct-2023 10:48:27.286 INFO [main] org.apache.catalina.startup.HostConfig.deployDirectory Le déploiement du répertoire [C:\Users\bapti\Documents\cours\BUT_S3\back-end\tomcat\webapps\docs] de l'application web s'est terminé en [281] ms
18-Oct-2023 10:48:27.286 INFO [main] org.apache.catalina.startup.HostConfig.deployDirectory Déploiement du répertoire d'application web [C:\Users\bapti\Documents\cours\BUT_S3\back-end\tomcat\webapps\examples]
18-Oct-2023 10:48:27.763 INFO [main] org.apache.catalina.startup.HostConfig.deployDirectory Le déploiement du répertoire [C:\Users\bapti\Documents\cours\BUT_S3\back-end\tomcat\webapps\examples] de l'application web s'est terminé en [477] ms
18-Oct-2023 10:48:27.763 INFO [main] org.apache.catalina.startup.HostConfig.deployDirectory Déploiement du répertoire d'application web [C:\Users\bapti\Documents\cours\BUT_S3\back-end\tomcat\webapps\host-manager]
18-Oct-2023 10:48:27.820 INFO [main] org.apache.catalina.startup.HostConfig.deployDirectory Le déploiement du répertoire [C:\Users\bapti\Documents\cours\BUT_S3\back-end\tomcat\webapps\host-manager] de l'application web s'est terminé en [57] ms
18-Oct-2023 10:48:27.820 INFO [main] org.apache.catalina.startup.HostConfig.deployDirectory Déploiement du répertoire d'application web [C:\Users\bapti\Documents\cours\BUT_S3\back-end\tomcat\webapps\manager]
18-Oct-2023 10:48:27.871 INFO [main] org.apache.catalina.startup.HostConfig.deployDirectory Le déploiement du répertoire [C:\Users\bapti\Documents\cours\BUT_S3\back-end\tomcat\webapps\manager] de l'application web s'est terminé en [51] ms
18-Oct-2023 10:48:27.871 INFO [main] org.apache.catalina.startup.HostConfig.deployDirectory Déploiement du répertoire d'application web [C:\Users\bapti\Documents\cours\BUT_S3\back-end\tomcat\webapps\ROOT]
18-Oct-2023 10:48:27.893 INFO [main] org.apache.catalina.startup.HostConfig.deployDirectory Le déploiement du répertoire [C:\Users\bapti\Documents\cours\BUT_S3\back-end\tomcat\webapps\ROOT] de l'application web s'est terminé en [22] ms
18-Oct-2023 10:48:27.893 INFO [main] org.apache.catalina.startup.HostConfig.deployDirectory Déploiement du répertoire d'application web [C:\Users\bapti\Documents\cours\BUT_S3\back-end\tomcat\webapps\servlet-tp1]
18-Oct-2023 10:48:28.066 INFO [main] org.apache.jasper.servlet.TldScanner.scanJars Au moins un fichier JAR a été analysé pour trouver des TLDs mais il n'en contenait pas, le mode "debug" du journal peut être activé pour obtenir une liste complète de JAR scannés sans succès ; éviter d'analyser des JARs inutilement peut améliorer sensiblement le temps de démarrage et le temps de compilation des JSPs
18-Oct-2023 10:48:28.075 INFO [main] org.apache.catalina.startup.HostConfig.deployDirectory Le déploiement du répertoire [C:\Users\bapti\Documents\cours\BUT_S3\back-end\tomcat\webapps\servlet-tp1] de l'application web s'est terminé en [182] ms
18-Oct-2023 10:48:28.075 INFO [main] org.apache.catalina.startup.HostConfig.deployDirectory Déploiement du répertoire d'application web [C:\Users\bapti\Documents\cours\BUT_S3\back-end\tomcat\webapps\test]
18-Oct-2023 10:48:28.095 INFO [main] org.apache.catalina.startup.HostConfig.deployDirectory Le déploiement du répertoire [C:\Users\bapti\Documents\cours\BUT_S3\back-end\tomcat\webapps\test] de l'application web s'est terminé en [20] ms
18-Oct-2023 10:48:28.101 INFO [main] org.apache.coyote.AbstractProtocol.start Démarrage du gestionnaire de protocole ["http-nio-8080"]
18-Oct-2023 10:48:28.149 INFO [main] org.apache.catalina.startup.Catalina.start Le démarrage du serveur a pris [1208] millisecondes
18-Oct-2023 10:48:58.238 INFO [Catalina-utility-2] org.apache.catalina.core.StandardContext.reload Le rechargement du contexte [/servlet-tp1] a démarré
18-Oct-2023 10:48:58.406 INFO [Catalina-utility-2] org.apache.jasper.servlet.TldScanner.scanJars Au moins un fichier JAR a été analysé pour trouver des TLDs mais il n'en contenait pas, le mode "debug" du journal peut être activé pour obtenir une liste complète de JAR scannés sans succès ; éviter d'analyser des JARs inutilement peut améliorer sensiblement le temps de démarrage et le temps de compilation des JSPs
18-Oct-2023 10:48:58.406 INFO [Catalina-utility-2] org.apache.catalina.core.StandardContext.reload Le rechargement de ce contexte est terminé
18-Oct-2023 10:51:19.117 INFO [Catalina-utility-1] org.apache.catalina.core.StandardContext.reload Le rechargement du contexte [/servlet-tp1] a démarré
18-Oct-2023 10:51:19.276 INFO [Catalina-utility-1] org.apache.jasper.servlet.TldScanner.scanJars Au moins un fichier JAR a été analysé pour trouver des TLDs mais il n'en contenait pas, le mode "debug" du journal peut être activé pour obtenir une liste complète de JAR scannés sans succès ; éviter d'analyser des JARs inutilement peut améliorer sensiblement le temps de démarrage et le temps de compilation des JSPs
18-Oct-2023 10:51:19.276 INFO [Catalina-utility-1] org.apache.catalina.core.StandardContext.reload Le rechargement de ce contexte est terminé
18-Oct-2023 10:55:30.550 INFO [Catalina-utility-1] org.apache.catalina.core.StandardContext.reload Le rechargement du contexte [/servlet-tp1] a démarré
18-Oct-2023 10:55:30.737 INFO [Catalina-utility-1] org.apache.jasper.servlet.TldScanner.scanJars Au moins un fichier JAR a été analysé pour trouver des TLDs mais il n'en contenait pas, le mode "debug" du journal peut être activé pour obtenir une liste complète de JAR scannés sans succès ; éviter d'analyser des JARs inutilement peut améliorer sensiblement le temps de démarrage et le temps de compilation des JSPs
18-Oct-2023 10:55:30.741 INFO [Catalina-utility-1] org.apache.catalina.core.StandardContext.reload Le rechargement de ce contexte est terminé
18-Oct-2023 10:55:50.854 INFO [Catalina-utility-1] org.apache.catalina.core.StandardContext.reload Le rechargement du contexte [/servlet-tp1] a démarré
18-Oct-2023 10:55:51.013 INFO [Catalina-utility-1] org.apache.jasper.servlet.TldScanner.scanJars Au moins un fichier JAR a été analysé pour trouver des TLDs mais il n'en contenait pas, le mode "debug" du journal peut être activé pour obtenir une liste complète de JAR scannés sans succès ; éviter d'analyser des JARs inutilement peut améliorer sensiblement le temps de démarrage et le temps de compilation des JSPs
18-Oct-2023 10:55:51.014 INFO [Catalina-utility-1] org.apache.catalina.core.StandardContext.reload Le rechargement de ce contexte est terminé
18-Oct-2023 10:57:21.512 INFO [Catalina-utility-1] org.apache.catalina.core.StandardContext.reload Le rechargement du contexte [/servlet-tp1] a démarré
18-Oct-2023 10:57:21.656 INFO [Catalina-utility-1] org.apache.jasper.servlet.TldScanner.scanJars Au moins un fichier JAR a été analysé pour trouver des TLDs mais il n'en contenait pas, le mode "debug" du journal peut être activé pour obtenir une liste complète de JAR scannés sans succès ; éviter d'analyser des JARs inutilement peut améliorer sensiblement le temps de démarrage et le temps de compilation des JSPs
18-Oct-2023 10:57:21.658 INFO [Catalina-utility-1] org.apache.catalina.core.StandardContext.reload Le rechargement de ce contexte est terminé
18-Oct-2023 10:57:31.699 INFO [Catalina-utility-1] org.apache.catalina.core.StandardContext.reload Le rechargement du contexte [/servlet-tp1] a démarré
18-Oct-2023 10:57:31.852 INFO [Catalina-utility-1] org.apache.jasper.servlet.TldScanner.scanJars Au moins un fichier JAR a été analysé pour trouver des TLDs mais il n'en contenait pas, le mode "debug" du journal peut être activé pour obtenir une liste complète de JAR scannés sans succès ; éviter d'analyser des JARs inutilement peut améliorer sensiblement le temps de démarrage et le temps de compilation des JSPs
18-Oct-2023 10:57:31.853 INFO [Catalina-utility-1] org.apache.catalina.core.StandardContext.reload Le rechargement de ce contexte est terminé
18-Oct-2023 10:57:41.894 INFO [Catalina-utility-2] org.apache.catalina.core.StandardContext.reload Le rechargement du contexte [/servlet-tp1] a démarré
18-Oct-2023 10:57:42.055 INFO [Catalina-utility-2] org.apache.jasper.servlet.TldScanner.scanJars Au moins un fichier JAR a été analysé pour trouver des TLDs mais il n'en contenait pas, le mode "debug" du journal peut être activé pour obtenir une liste complète de JAR scannés sans succès ; éviter d'analyser des JARs inutilement peut améliorer sensiblement le temps de démarrage et le temps de compilation des JSPs
18-Oct-2023 10:57:42.058 INFO [Catalina-utility-2] org.apache.catalina.core.StandardContext.reload Le rechargement de ce contexte est terminé
18-Oct-2023 10:58:02.145 INFO [Catalina-utility-1] org.apache.catalina.core.StandardContext.reload Le rechargement du contexte [/servlet-tp1] a démarré
18-Oct-2023 10:58:02.326 INFO [Catalina-utility-1] org.apache.jasper.servlet.TldScanner.scanJars Au moins un fichier JAR a été analysé pour trouver des TLDs mais il n'en contenait pas, le mode "debug" du journal peut être activé pour obtenir une liste complète de JAR scannés sans succès ; éviter d'analyser des JARs inutilement peut améliorer sensiblement le temps de démarrage et le temps de compilation des JSPs
18-Oct-2023 10:58:02.328 INFO [Catalina-utility-1] org.apache.catalina.core.StandardContext.reload Le rechargement de ce contexte est terminé
18-Oct-2023 10:58:12.347 INFO [Catalina-utility-1] org.apache.catalina.core.StandardContext.reload Le rechargement du contexte [/servlet-tp1] a démarré
18-Oct-2023 10:58:12.517 INFO [Catalina-utility-1] org.apache.jasper.servlet.TldScanner.scanJars Au moins un fichier JAR a été analysé pour trouver des TLDs mais il n'en contenait pas, le mode "debug" du journal peut être activé pour obtenir une liste complète de JAR scannés sans succès ; éviter d'analyser des JARs inutilement peut améliorer sensiblement le temps de démarrage et le temps de compilation des JSPs
18-Oct-2023 10:58:12.519 INFO [Catalina-utility-1] org.apache.catalina.core.StandardContext.reload Le rechargement de ce contexte est terminé
18-Oct-2023 10:58:22.553 INFO [Catalina-utility-1] org.apache.catalina.core.StandardContext.reload Le rechargement du contexte [/servlet-tp1] a démarré
18-Oct-2023 10:58:22.707 INFO [Catalina-utility-1] org.apache.jasper.servlet.TldScanner.scanJars Au moins un fichier JAR a été analysé pour trouver des TLDs mais il n'en contenait pas, le mode "debug" du journal peut être activé pour obtenir une liste complète de JAR scannés sans succès ; éviter d'analyser des JARs inutilement peut améliorer sensiblement le temps de démarrage et le temps de compilation des JSPs
18-Oct-2023 10:58:22.710 INFO [Catalina-utility-1] org.apache.catalina.core.StandardContext.reload Le rechargement de ce contexte est terminé
18-Oct-2023 10:58:32.748 INFO [Catalina-utility-1] org.apache.catalina.core.StandardContext.reload Le rechargement du contexte [/servlet-tp1] a démarré
18-Oct-2023 10:58:32.947 INFO [Catalina-utility-1] org.apache.jasper.servlet.TldScanner.scanJars Au moins un fichier JAR a été analysé pour trouver des TLDs mais il n'en contenait pas, le mode "debug" du journal peut être activé pour obtenir une liste complète de JAR scannés sans succès ; éviter d'analyser des JARs inutilement peut améliorer sensiblement le temps de démarrage et le temps de compilation des JSPs
18-Oct-2023 10:58:32.956 INFO [Catalina-utility-1] org.apache.catalina.core.StandardContext.reload Le rechargement de ce contexte est terminé
18-Oct-2023 10:58:42.991 INFO [Catalina-utility-1] org.apache.catalina.core.StandardContext.reload Le rechargement du contexte [/servlet-tp1] a démarré
18-Oct-2023 10:58:43.158 INFO [Catalina-utility-1] org.apache.jasper.servlet.TldScanner.scanJars Au moins un fichier JAR a été analysé pour trouver des TLDs mais il n'en contenait pas, le mode "debug" du journal peut être activé pour obtenir une liste complète de JAR scannés sans succès ; éviter d'analyser des JARs inutilement peut améliorer sensiblement le temps de démarrage et le temps de compilation des JSPs
18-Oct-2023 10:58:43.158 INFO [Catalina-utility-1] org.apache.catalina.core.StandardContext.reload Le rechargement de ce contexte est terminé
18-Oct-2023 10:59:33.427 INFO [Catalina-utility-2] org.apache.catalina.core.StandardContext.reload Le rechargement du contexte [/servlet-tp1] a démarré
18-Oct-2023 10:59:33.565 INFO [Catalina-utility-2] org.apache.jasper.servlet.TldScanner.scanJars Au moins un fichier JAR a été analysé pour trouver des TLDs mais il n'en contenait pas, le mode "debug" du journal peut être activé pour obtenir une liste complète de JAR scannés sans succès ; éviter d'analyser des JARs inutilement peut améliorer sensiblement le temps de démarrage et le temps de compilation des JSPs
18-Oct-2023 10:59:33.566 INFO [Catalina-utility-2] org.apache.catalina.core.StandardContext.reload Le rechargement de ce contexte est terminé
18-Oct-2023 11:00:33.845 INFO [Catalina-utility-2] org.apache.catalina.core.StandardContext.reload Le rechargement du contexte [/servlet-tp1] a démarré
18-Oct-2023 11:00:33.985 INFO [Catalina-utility-2] org.apache.jasper.servlet.TldScanner.scanJars Au moins un fichier JAR a été analysé pour trouver des TLDs mais il n'en contenait pas, le mode "debug" du journal peut être activé pour obtenir une liste complète de JAR scannés sans succès ; éviter d'analyser des JARs inutilement peut améliorer sensiblement le temps de démarrage et le temps de compilation des JSPs
18-Oct-2023 11:00:33.987 INFO [Catalina-utility-2] org.apache.catalina.core.StandardContext.reload Le rechargement de ce contexte est terminé
18-Oct-2023 11:00:54.067 INFO [Catalina-utility-1] org.apache.catalina.core.StandardContext.reload Le rechargement du contexte [/servlet-tp1] a démarré
18-Oct-2023 11:00:54.212 INFO [Catalina-utility-1] org.apache.jasper.servlet.TldScanner.scanJars Au moins un fichier JAR a été analysé pour trouver des TLDs mais il n'en contenait pas, le mode "debug" du journal peut être activé pour obtenir une liste complète de JAR scannés sans succès ; éviter d'analyser des JARs inutilement peut améliorer sensiblement le temps de démarrage et le temps de compilation des JSPs
18-Oct-2023 11:00:54.226 INFO [Catalina-utility-1] org.apache.catalina.core.StandardContext.reload Le rechargement de ce contexte est terminé
18-Oct-2023 11:01:04.261 INFO [Catalina-utility-2] org.apache.catalina.core.StandardContext.reload Le rechargement du contexte [/servlet-tp1] a démarré
18-Oct-2023 11:01:04.429 INFO [Catalina-utility-2] org.apache.jasper.servlet.TldScanner.scanJars Au moins un fichier JAR a été analysé pour trouver des TLDs mais il n'en contenait pas, le mode "debug" du journal peut être activé pour obtenir une liste complète de JAR scannés sans succès ; éviter d'analyser des JARs inutilement peut améliorer sensiblement le temps de démarrage et le temps de compilation des JSPs
18-Oct-2023 11:01:04.429 INFO [Catalina-utility-2] org.apache.catalina.core.StandardContext.reload Le rechargement de ce contexte est terminé
18-Oct-2023 11:01:34.562 INFO [Catalina-utility-1] org.apache.catalina.core.StandardContext.reload Le rechargement du contexte [/servlet-tp1] a démarré
18-Oct-2023 11:01:34.699 INFO [Catalina-utility-1] org.apache.jasper.servlet.TldScanner.scanJars Au moins un fichier JAR a été analysé pour trouver des TLDs mais il n'en contenait pas, le mode "debug" du journal peut être activé pour obtenir une liste complète de JAR scannés sans succès ; éviter d'analyser des JARs inutilement peut améliorer sensiblement le temps de démarrage et le temps de compilation des JSPs
18-Oct-2023 11:01:34.701 INFO [Catalina-utility-1] org.apache.catalina.core.StandardContext.reload Le rechargement de ce contexte est terminé
18-Oct-2023 11:02:14.896 INFO [Catalina-utility-1] org.apache.catalina.core.StandardContext.reload Le rechargement du contexte [/servlet-tp1] a démarré
18-Oct-2023 11:02:15.044 INFO [Catalina-utility-1] org.apache.jasper.servlet.TldScanner.scanJars Au moins un fichier JAR a été analysé pour trouver des TLDs mais il n'en contenait pas, le mode "debug" du journal peut être activé pour obtenir une liste complète de JAR scannés sans succès ; éviter d'analyser des JARs inutilement peut améliorer sensiblement le temps de démarrage et le temps de compilation des JSPs
18-Oct-2023 11:02:15.046 INFO [Catalina-utility-1] org.apache.catalina.core.StandardContext.reload Le rechargement de ce contexte est terminé
18-Oct-2023 11:02:35.114 INFO [Catalina-utility-2] org.apache.catalina.core.StandardContext.reload Le rechargement du contexte [/servlet-tp1] a démarré
18-Oct-2023 11:02:35.270 INFO [Catalina-utility-2] org.apache.jasper.servlet.TldScanner.scanJars Au moins un fichier JAR a été analysé pour trouver des TLDs mais il n'en contenait pas, le mode "debug" du journal peut être activé pour obtenir une liste complète de JAR scannés sans succès ; éviter d'analyser des JARs inutilement peut améliorer sensiblement le temps de démarrage et le temps de compilation des JSPs
18-Oct-2023 11:02:35.270 INFO [Catalina-utility-2] org.apache.catalina.core.StandardContext.reload Le rechargement de ce contexte est terminé
18-Oct-2023 11:02:45.310 INFO [Catalina-utility-2] org.apache.catalina.core.StandardContext.reload Le rechargement du contexte [/servlet-tp1] a démarré
18-Oct-2023 11:02:45.465 INFO [Catalina-utility-2] org.apache.jasper.servlet.TldScanner.scanJars Au moins un fichier JAR a été analysé pour trouver des TLDs mais il n'en contenait pas, le mode "debug" du journal peut être activé pour obtenir une liste complète de JAR scannés sans succès ; éviter d'analyser des JARs inutilement peut améliorer sensiblement le temps de démarrage et le temps de compilation des JSPs
18-Oct-2023 11:02:45.471 INFO [Catalina-utility-2] org.apache.catalina.core.StandardContext.reload Le rechargement de ce contexte est terminé
18-Oct-2023 11:02:55.495 INFO [Catalina-utility-2] org.apache.catalina.core.StandardContext.reload Le rechargement du contexte [/servlet-tp1] a démarré
18-Oct-2023 11:02:55.645 INFO [Catalina-utility-2] org.apache.jasper.servlet.TldScanner.scanJars Au moins un fichier JAR a été analysé pour trouver des TLDs mais il n'en contenait pas, le mode "debug" du journal peut être activé pour obtenir une liste complète de JAR scannés sans succès ; éviter d'analyser des JARs inutilement peut améliorer sensiblement le temps de démarrage et le temps de compilation des JSPs
18-Oct-2023 11:02:55.645 INFO [Catalina-utility-2] org.apache.catalina.core.StandardContext.reload Le rechargement de ce contexte est terminé
18-Oct-2023 11:03:25.758 INFO [Catalina-utility-1] org.apache.catalina.core.StandardContext.reload Le rechargement du contexte [/servlet-tp1] a démarré
18-Oct-2023 11:03:25.895 INFO [Catalina-utility-1] org.apache.jasper.servlet.TldScanner.scanJars Au moins un fichier JAR a été analysé pour trouver des TLDs mais il n'en contenait pas, le mode "debug" du journal peut être activé pour obtenir une liste complète de JAR scannés sans succès ; éviter d'analyser des JARs inutilement peut améliorer sensiblement le temps de démarrage et le temps de compilation des JSPs
18-Oct-2023 11:03:25.897 INFO [Catalina-utility-1] org.apache.catalina.core.StandardContext.reload Le rechargement de ce contexte est terminé
18-Oct-2023 11:03:45.964 INFO [Catalina-utility-1] org.apache.catalina.core.StandardContext.reload Le rechargement du contexte [/servlet-tp1] a démarré
18-Oct-2023 11:03:46.106 INFO [Catalina-utility-1] org.apache.jasper.servlet.TldScanner.scanJars Au moins un fichier JAR a été analysé pour trouver des TLDs mais il n'en contenait pas, le mode "debug" du journal peut être activé pour obtenir une liste complète de JAR scannés sans succès ; éviter d'analyser des JARs inutilement peut améliorer sensiblement le temps de démarrage et le temps de compilation des JSPs
18-Oct-2023 11:03:46.107 INFO [Catalina-utility-1] org.apache.catalina.core.StandardContext.reload Le rechargement de ce contexte est terminé
18-Oct-2023 11:11:08.533 INFO [main] org.apache.catalina.startup.VersionLoggerListener.log Nom version serveur :              Apache Tomcat/10.1.14
18-Oct-2023 11:11:08.536 INFO [main] org.apache.catalina.startup.VersionLoggerListener.log Serveur compilé :                  Oct 9 2023 21:01:11 UTC
18-Oct-2023 11:11:08.536 INFO [main] org.apache.catalina.startup.VersionLoggerListener.log Version du serveur :               10.1.14.0
18-Oct-2023 11:11:08.536 INFO [main] org.apache.catalina.startup.VersionLoggerListener.log Nom de l'OS :                      Windows 11
18-Oct-2023 11:11:08.536 INFO [main] org.apache.catalina.startup.VersionLoggerListener.log Version OS :                       10.0
18-Oct-2023 11:11:08.536 INFO [main] org.apache.catalina.startup.VersionLoggerListener.log Architecture :                     amd64
18-Oct-2023 11:11:08.539 INFO [main] org.apache.catalina.startup.VersionLoggerListener.log Java Home :                        C:\Program Files\Java\jdk-19
18-Oct-2023 11:11:08.539 INFO [main] org.apache.catalina.startup.VersionLoggerListener.log Version JVM :                      19.0.1+10-21
18-Oct-2023 11:11:08.539 INFO [main] org.apache.catalina.startup.VersionLoggerListener.log Fournisseur de la JVM :            Oracle Corporation
18-Oct-2023 11:11:08.539 INFO [main] org.apache.catalina.startup.VersionLoggerListener.log CATALINA_BASE :                    C:\Users\bapti\Documents\cours\BUT_S3\back-end\tomcat
18-Oct-2023 11:11:08.539 INFO [main] org.apache.catalina.startup.VersionLoggerListener.log CATALINA_HOME :                    C:\Users\bapti\Documents\cours\BUT_S3\back-end\tomcat
18-Oct-2023 11:11:08.550 INFO [main] org.apache.catalina.startup.VersionLoggerListener.log Argument de la ligne de commande : -Djava.util.logging.config.file=C:\Users\bapti\Documents\cours\BUT_S3\back-end\tomcat\conf\logging.properties
18-Oct-2023 11:11:08.550 INFO [main] org.apache.catalina.startup.VersionLoggerListener.log Argument de la ligne de commande : -Djava.util.logging.manager=org.apache.juli.ClassLoaderLogManager
18-Oct-2023 11:11:08.550 INFO [main] org.apache.catalina.startup.VersionLoggerListener.log Argument de la ligne de commande : -Djdk.tls.ephemeralDHKeySize=2048
18-Oct-2023 11:11:08.550 INFO [main] org.apache.catalina.startup.VersionLoggerListener.log Argument de la ligne de commande : -Djava.protocol.handler.pkgs=org.apache.catalina.webresources
18-Oct-2023 11:11:08.550 INFO [main] org.apache.catalina.startup.VersionLoggerListener.log Argument de la ligne de commande : --add-opens=java.base/java.lang=ALL-UNNAMED
18-Oct-2023 11:11:08.550 INFO [main] org.apache.catalina.startup.VersionLoggerListener.log Argument de la ligne de commande : --add-opens=java.base/java.io=ALL-UNNAMED
18-Oct-2023 11:11:08.550 INFO [main] org.apache.catalina.startup.VersionLoggerListener.log Argument de la ligne de commande : --add-opens=java.base/java.util=ALL-UNNAMED
18-Oct-2023 11:11:08.550 INFO [main] org.apache.catalina.startup.VersionLoggerListener.log Argument de la ligne de commande : --add-opens=java.base/java.util.concurrent=ALL-UNNAMED
18-Oct-2023 11:11:08.550 INFO [main] org.apache.catalina.startup.VersionLoggerListener.log Argument de la ligne de commande : --add-opens=java.rmi/sun.rmi.transport=ALL-UNNAMED
18-Oct-2023 11:11:08.550 INFO [main] org.apache.catalina.startup.VersionLoggerListener.log Argument de la ligne de commande : -Dcatalina.base=C:\Users\bapti\Documents\cours\BUT_S3\back-end\tomcat
18-Oct-2023 11:11:08.550 INFO [main] org.apache.catalina.startup.VersionLoggerListener.log Argument de la ligne de commande : -Dcatalina.home=C:\Users\bapti\Documents\cours\BUT_S3\back-end\tomcat
18-Oct-2023 11:11:08.550 INFO [main] org.apache.catalina.startup.VersionLoggerListener.log Argument de la ligne de commande : -Djava.io.tmpdir=C:\Users\bapti\Documents\cours\BUT_S3\back-end\tomcat\temp
18-Oct-2023 11:11:08.557 INFO [main] org.apache.catalina.core.AprLifecycleListener.lifecycleEvent La librairie Apache Tomcat Native basée sur APR qui permet des performances optimales dans les environnements de production n'a pas été trouvée sur le java.library.path : [C:\Program Files\Java\jdk-19\bin;C:\WINDOWS\Sun\Java\bin;C:\WINDOWS\system32;C:\WINDOWS;C:\Program Files\Common Files\Oracle\Java\javapath;C:\Program Files (x86)\Common Files\Oracle\Java\javapath;C:\Program Files (x86)\Razer Chroma SDK\bin;C:\Program Files\Razer Chroma SDK\bin;C:\Program Files (x86)\Razer\ChromaBroadcast\bin;C:\Program Files\Razer\ChromaBroadcast\bin;C:\ProgramData\Oracle\Java\javapath;C:\windows\system32;C:\windows;C:\windows\System32\Wbem;C:\windows\System32\WindowsPowerShell\v1.0\;C:\windows\System32\OpenSSH\;C:\Program Files (x86)\NVIDIA Corporation\PhysX\Common;C:\Program Files\NVIDIA Corporation\NVIDIA NvDLISR;C:\windows\system32\config\systemprofile\AppData\Local\Microsoft\WindowsApps;C:\WINDOWS\system32;C:\WINDOWS;C:\WINDOWS\System32\Wbem;C:\WINDOWS\System32\WindowsPowerShell\v1.0\;C:\WINDOWS\System32\OpenSSH\;C:\Program Files (x86)\Keyman\Keyman Developer\;C:\TDM-GCC-64\bin;C:\Program Files\Pandoc\;C:\Ruby32-x64\bin;C:\Program Files\Java\jdk-19\bin;C:\Users\bapti\AppData\Local\Microsoft\WindowsApps;C:\Users\bapti\AppData\Local\Programs\Microsoft VS Code\bin;C:\Users\bapti\AppData\Local\Programs\MiKTeX\miktex\bin\x64\;C:\Users\bapti\Documents\cours\BUT_s2\ALL_SAE\SAE_dev\B4;;.]
18-Oct-2023 11:11:08.813 INFO [main] org.apache.coyote.AbstractProtocol.init Initialisation du gestionnaire de protocole ["http-nio-8080"]
18-Oct-2023 11:11:08.834 INFO [main] org.apache.catalina.startup.Catalina.load L'initialisation du serveur a pris [468] millisecondes
18-Oct-2023 11:11:08.882 INFO [main] org.apache.catalina.core.StandardService.startInternal Démarrage du service [Catalina]
18-Oct-2023 11:11:08.882 INFO [main] org.apache.catalina.core.StandardEngine.startInternal Démarrage du moteur de Servlets : [Apache Tomcat/10.1.14]
18-Oct-2023 11:11:08.893 INFO [main] org.apache.catalina.startup.HostConfig.deployDirectory Déploiement du répertoire d'application web [C:\Users\bapti\Documents\cours\BUT_S3\back-end\tomcat\webapps\docs]
18-Oct-2023 11:11:09.243 INFO [main] org.apache.catalina.startup.HostConfig.deployDirectory Le déploiement du répertoire [C:\Users\bapti\Documents\cours\BUT_S3\back-end\tomcat\webapps\docs] de l'application web s'est terminé en [344] ms
18-Oct-2023 11:11:09.243 INFO [main] org.apache.catalina.startup.HostConfig.deployDirectory Déploiement du répertoire d'application web [C:\Users\bapti\Documents\cours\BUT_S3\back-end\tomcat\webapps\examples]
18-Oct-2023 11:11:09.729 INFO [main] org.apache.catalina.startup.HostConfig.deployDirectory Le déploiement du répertoire [C:\Users\bapti\Documents\cours\BUT_S3\back-end\tomcat\webapps\examples] de l'application web s'est terminé en [486] ms
18-Oct-2023 11:11:09.729 INFO [main] org.apache.catalina.startup.HostConfig.deployDirectory Déploiement du répertoire d'application web [C:\Users\bapti\Documents\cours\BUT_S3\back-end\tomcat\webapps\host-manager]
18-Oct-2023 11:11:09.769 INFO [main] org.apache.catalina.startup.HostConfig.deployDirectory Le déploiement du répertoire [C:\Users\bapti\Documents\cours\BUT_S3\back-end\tomcat\webapps\host-manager] de l'application web s'est terminé en [40] ms
18-Oct-2023 11:11:09.769 INFO [main] org.apache.catalina.startup.HostConfig.deployDirectory Déploiement du répertoire d'application web [C:\Users\bapti\Documents\cours\BUT_S3\back-end\tomcat\webapps\manager]
18-Oct-2023 11:11:09.817 INFO [main] org.apache.catalina.startup.HostConfig.deployDirectory Le déploiement du répertoire [C:\Users\bapti\Documents\cours\BUT_S3\back-end\tomcat\webapps\manager] de l'application web s'est terminé en [48] ms
18-Oct-2023 11:11:09.817 INFO [main] org.apache.catalina.startup.HostConfig.deployDirectory Déploiement du répertoire d'application web [C:\Users\bapti\Documents\cours\BUT_S3\back-end\tomcat\webapps\ROOT]
18-Oct-2023 11:11:09.848 INFO [main] org.apache.catalina.startup.HostConfig.deployDirectory Le déploiement du répertoire [C:\Users\bapti\Documents\cours\BUT_S3\back-end\tomcat\webapps\ROOT] de l'application web s'est terminé en [31] ms
18-Oct-2023 11:11:09.848 INFO [main] org.apache.catalina.startup.HostConfig.deployDirectory Déploiement du répertoire d'application web [C:\Users\bapti\Documents\cours\BUT_S3\back-end\tomcat\webapps\servlet-tp1]
18-Oct-2023 11:11:10.049 INFO [main] org.apache.jasper.servlet.TldScanner.scanJars Au moins un fichier JAR a été analysé pour trouver des TLDs mais il n'en contenait pas, le mode "debug" du journal peut être activé pour obtenir une liste complète de JAR scannés sans succès ; éviter d'analyser des JARs inutilement peut améliorer sensiblement le temps de démarrage et le temps de compilation des JSPs
18-Oct-2023 11:11:10.051 INFO [main] org.apache.catalina.startup.HostConfig.deployDirectory Le déploiement du répertoire [C:\Users\bapti\Documents\cours\BUT_S3\back-end\tomcat\webapps\servlet-tp1] de l'application web s'est terminé en [203] ms
18-Oct-2023 11:11:10.051 INFO [main] org.apache.catalina.startup.HostConfig.deployDirectory Déploiement du répertoire d'application web [C:\Users\bapti\Documents\cours\BUT_S3\back-end\tomcat\webapps\test]
18-Oct-2023 11:11:10.070 INFO [main] org.apache.catalina.startup.HostConfig.deployDirectory Le déploiement du répertoire [C:\Users\bapti\Documents\cours\BUT_S3\back-end\tomcat\webapps\test] de l'application web s'est terminé en [19] ms
18-Oct-2023 11:11:10.080 INFO [main] org.apache.coyote.AbstractProtocol.start Démarrage du gestionnaire de protocole ["http-nio-8080"]
18-Oct-2023 11:11:10.120 INFO [main] org.apache.catalina.startup.Catalina.start Le démarrage du serveur a pris [1290] millisecondes
18-Oct-2023 11:12:50.643 INFO [Catalina-utility-1] org.apache.catalina.core.StandardContext.reload Le rechargement du contexte [/servlet-tp1] a démarré
18-Oct-2023 11:12:50.837 INFO [Catalina-utility-1] org.apache.jasper.servlet.TldScanner.scanJars Au moins un fichier JAR a été analysé pour trouver des TLDs mais il n'en contenait pas, le mode "debug" du journal peut être activé pour obtenir une liste complète de JAR scannés sans succès ; éviter d'analyser des JARs inutilement peut améliorer sensiblement le temps de démarrage et le temps de compilation des JSPs
18-Oct-2023 11:12:50.840 INFO [Catalina-utility-1] org.apache.catalina.core.StandardContext.reload Le rechargement de ce contexte est terminé
18-Oct-2023 11:13:00.871 INFO [Catalina-utility-2] org.apache.catalina.core.StandardContext.reload Le rechargement du contexte [/servlet-tp1] a démarré
18-Oct-2023 11:13:01.060 INFO [Catalina-utility-2] org.apache.jasper.servlet.TldScanner.scanJars Au moins un fichier JAR a été analysé pour trouver des TLDs mais il n'en contenait pas, le mode "debug" du journal peut être activé pour obtenir une liste complète de JAR scannés sans succès ; éviter d'analyser des JARs inutilement peut améliorer sensiblement le temps de démarrage et le temps de compilation des JSPs
18-Oct-2023 11:13:01.062 INFO [Catalina-utility-2] org.apache.catalina.core.StandardContext.reload Le rechargement de ce contexte est terminé
18-Oct-2023 11:13:41.302 INFO [Catalina-utility-1] org.apache.catalina.core.StandardContext.reload Le rechargement du contexte [/servlet-tp1] a démarré
18-Oct-2023 11:13:41.461 INFO [Catalina-utility-1] org.apache.jasper.servlet.TldScanner.scanJars Au moins un fichier JAR a été analysé pour trouver des TLDs mais il n'en contenait pas, le mode "debug" du journal peut être activé pour obtenir une liste complète de JAR scannés sans succès ; éviter d'analyser des JARs inutilement peut améliorer sensiblement le temps de démarrage et le temps de compilation des JSPs
18-Oct-2023 11:13:41.468 INFO [Catalina-utility-1] org.apache.catalina.core.StandardContext.reload Le rechargement de ce contexte est terminé
18-Oct-2023 11:15:01.927 INFO [Catalina-utility-1] org.apache.catalina.core.StandardContext.reload Le rechargement du contexte [/servlet-tp1] a démarré
18-Oct-2023 11:15:02.086 INFO [Catalina-utility-1] org.apache.jasper.servlet.TldScanner.scanJars Au moins un fichier JAR a été analysé pour trouver des TLDs mais il n'en contenait pas, le mode "debug" du journal peut être activé pour obtenir une liste complète de JAR scannés sans succès ; éviter d'analyser des JARs inutilement peut améliorer sensiblement le temps de démarrage et le temps de compilation des JSPs
18-Oct-2023 11:15:02.086 INFO [Catalina-utility-1] org.apache.catalina.core.StandardContext.reload Le rechargement de ce contexte est terminé
18-Oct-2023 11:18:43.117 INFO [Catalina-utility-2] org.apache.catalina.core.StandardContext.reload Le rechargement du contexte [/servlet-tp1] a démarré
18-Oct-2023 11:18:43.273 INFO [Catalina-utility-2] org.apache.jasper.servlet.TldScanner.scanJars Au moins un fichier JAR a été analysé pour trouver des TLDs mais il n'en contenait pas, le mode "debug" du journal peut être activé pour obtenir une liste complète de JAR scannés sans succès ; éviter d'analyser des JARs inutilement peut améliorer sensiblement le temps de démarrage et le temps de compilation des JSPs
18-Oct-2023 11:18:43.273 INFO [Catalina-utility-2] org.apache.catalina.core.StandardContext.reload Le rechargement de ce contexte est terminé
18-Oct-2023 11:19:03.376 INFO [Catalina-utility-1] org.apache.catalina.core.StandardContext.reload Le rechargement du contexte [/servlet-tp1] a démarré
18-Oct-2023 11:19:03.528 INFO [Catalina-utility-1] org.apache.jasper.servlet.TldScanner.scanJars Au moins un fichier JAR a été analysé pour trouver des TLDs mais il n'en contenait pas, le mode "debug" du journal peut être activé pour obtenir une liste complète de JAR scannés sans succès ; éviter d'analyser des JARs inutilement peut améliorer sensiblement le temps de démarrage et le temps de compilation des JSPs
18-Oct-2023 11:19:03.528 INFO [Catalina-utility-1] org.apache.catalina.core.StandardContext.reload Le rechargement de ce contexte est terminé
18-Oct-2023 11:29:49.456 INFO [main] org.apache.catalina.startup.VersionLoggerListener.log Nom version serveur :              Apache Tomcat/10.1.14
18-Oct-2023 11:29:49.462 INFO [main] org.apache.catalina.startup.VersionLoggerListener.log Serveur compilé :                  Oct 9 2023 21:01:11 UTC
18-Oct-2023 11:29:49.462 INFO [main] org.apache.catalina.startup.VersionLoggerListener.log Version du serveur :               10.1.14.0
18-Oct-2023 11:29:49.462 INFO [main] org.apache.catalina.startup.VersionLoggerListener.log Nom de l'OS :                      Windows 11
18-Oct-2023 11:29:49.462 INFO [main] org.apache.catalina.startup.VersionLoggerListener.log Version OS :                       10.0
18-Oct-2023 11:29:49.462 INFO [main] org.apache.catalina.startup.VersionLoggerListener.log Architecture :                     amd64
18-Oct-2023 11:29:49.462 INFO [main] org.apache.catalina.startup.VersionLoggerListener.log Java Home :                        C:\Program Files\Java\jdk-19
18-Oct-2023 11:29:49.462 INFO [main] org.apache.catalina.startup.VersionLoggerListener.log Version JVM :                      19.0.1+10-21
18-Oct-2023 11:29:49.462 INFO [main] org.apache.catalina.startup.VersionLoggerListener.log Fournisseur de la JVM :            Oracle Corporation
18-Oct-2023 11:29:49.462 INFO [main] org.apache.catalina.startup.VersionLoggerListener.log CATALINA_BASE :                    C:\Users\bapti\Documents\cours\BUT_S3\back-end\tomcat
18-Oct-2023 11:29:49.462 INFO [main] org.apache.catalina.startup.VersionLoggerListener.log CATALINA_HOME :                    C:\Users\bapti\Documents\cours\BUT_S3\back-end\tomcat
18-Oct-2023 11:29:49.470 INFO [main] org.apache.catalina.startup.VersionLoggerListener.log Argument de la ligne de commande : -Djava.util.logging.config.file=C:\Users\bapti\Documents\cours\BUT_S3\back-end\tomcat\conf\logging.properties
18-Oct-2023 11:29:49.470 INFO [main] org.apache.catalina.startup.VersionLoggerListener.log Argument de la ligne de commande : -Djava.util.logging.manager=org.apache.juli.ClassLoaderLogManager
18-Oct-2023 11:29:49.470 INFO [main] org.apache.catalina.startup.VersionLoggerListener.log Argument de la ligne de commande : -Djdk.tls.ephemeralDHKeySize=2048
18-Oct-2023 11:29:49.470 INFO [main] org.apache.catalina.startup.VersionLoggerListener.log Argument de la ligne de commande : -Djava.protocol.handler.pkgs=org.apache.catalina.webresources
18-Oct-2023 11:29:49.470 INFO [main] org.apache.catalina.startup.VersionLoggerListener.log Argument de la ligne de commande : --add-opens=java.base/java.lang=ALL-UNNAMED
18-Oct-2023 11:29:49.470 INFO [main] org.apache.catalina.startup.VersionLoggerListener.log Argument de la ligne de commande : --add-opens=java.base/java.io=ALL-UNNAMED
18-Oct-2023 11:29:49.470 INFO [main] org.apache.catalina.startup.VersionLoggerListener.log Argument de la ligne de commande : --add-opens=java.base/java.util=ALL-UNNAMED
18-Oct-2023 11:29:49.470 INFO [main] org.apache.catalina.startup.VersionLoggerListener.log Argument de la ligne de commande : --add-opens=java.base/java.util.concurrent=ALL-UNNAMED
18-Oct-2023 11:29:49.470 INFO [main] org.apache.catalina.startup.VersionLoggerListener.log Argument de la ligne de commande : --add-opens=java.rmi/sun.rmi.transport=ALL-UNNAMED
18-Oct-2023 11:29:49.470 INFO [main] org.apache.catalina.startup.VersionLoggerListener.log Argument de la ligne de commande : -Dcatalina.base=C:\Users\bapti\Documents\cours\BUT_S3\back-end\tomcat
18-Oct-2023 11:29:49.470 INFO [main] org.apache.catalina.startup.VersionLoggerListener.log Argument de la ligne de commande : -Dcatalina.home=C:\Users\bapti\Documents\cours\BUT_S3\back-end\tomcat
18-Oct-2023 11:29:49.470 INFO [main] org.apache.catalina.startup.VersionLoggerListener.log Argument de la ligne de commande : -Djava.io.tmpdir=C:\Users\bapti\Documents\cours\BUT_S3\back-end\tomcat\temp
18-Oct-2023 11:29:49.476 INFO [main] org.apache.catalina.core.AprLifecycleListener.lifecycleEvent La librairie Apache Tomcat Native basée sur APR qui permet des performances optimales dans les environnements de production n'a pas été trouvée sur le java.library.path : [C:\Program Files\Java\jdk-19\bin;C:\WINDOWS\Sun\Java\bin;C:\WINDOWS\system32;C:\WINDOWS;C:\Program Files\Common Files\Oracle\Java\javapath;C:\Program Files (x86)\Common Files\Oracle\Java\javapath;C:\Program Files (x86)\Razer Chroma SDK\bin;C:\Program Files\Razer Chroma SDK\bin;C:\Program Files (x86)\Razer\ChromaBroadcast\bin;C:\Program Files\Razer\ChromaBroadcast\bin;C:\ProgramData\Oracle\Java\javapath;C:\windows\system32;C:\windows;C:\windows\System32\Wbem;C:\windows\System32\WindowsPowerShell\v1.0\;C:\windows\System32\OpenSSH\;C:\Program Files (x86)\NVIDIA Corporation\PhysX\Common;C:\Program Files\NVIDIA Corporation\NVIDIA NvDLISR;C:\windows\system32\config\systemprofile\AppData\Local\Microsoft\WindowsApps;C:\WINDOWS\system32;C:\WINDOWS;C:\WINDOWS\System32\Wbem;C:\WINDOWS\System32\WindowsPowerShell\v1.0\;C:\WINDOWS\System32\OpenSSH\;C:\Program Files (x86)\Keyman\Keyman Developer\;C:\TDM-GCC-64\bin;C:\Program Files\Pandoc\;C:\Ruby32-x64\bin;C:\Program Files\Java\jdk-19\bin;C:\Users\bapti\AppData\Local\Microsoft\WindowsApps;C:\Users\bapti\AppData\Local\Programs\Microsoft VS Code\bin;C:\Users\bapti\AppData\Local\Programs\MiKTeX\miktex\bin\x64\;C:\Users\bapti\Documents\cours\BUT_s2\ALL_SAE\SAE_dev\B4;;.]
18-Oct-2023 11:29:49.745 INFO [main] org.apache.coyote.AbstractProtocol.init Initialisation du gestionnaire de protocole ["http-nio-8080"]
18-Oct-2023 11:29:49.765 INFO [main] org.apache.catalina.startup.Catalina.load L'initialisation du serveur a pris [485] millisecondes
18-Oct-2023 11:29:49.806 INFO [main] org.apache.catalina.core.StandardService.startInternal Démarrage du service [Catalina]
18-Oct-2023 11:29:49.806 INFO [main] org.apache.catalina.core.StandardEngine.startInternal Démarrage du moteur de Servlets : [Apache Tomcat/10.1.14]
18-Oct-2023 11:29:49.826 INFO [main] org.apache.catalina.startup.HostConfig.deployDirectory Déploiement du répertoire d'application web [C:\Users\bapti\Documents\cours\BUT_S3\back-end\tomcat\webapps\docs]
18-Oct-2023 11:29:50.110 INFO [main] org.apache.catalina.startup.HostConfig.deployDirectory Le déploiement du répertoire [C:\Users\bapti\Documents\cours\BUT_S3\back-end\tomcat\webapps\docs] de l'application web s'est terminé en [289] ms
18-Oct-2023 11:29:50.110 INFO [main] org.apache.catalina.startup.HostConfig.deployDirectory Déploiement du répertoire d'application web [C:\Users\bapti\Documents\cours\BUT_S3\back-end\tomcat\webapps\examples]
18-Oct-2023 11:29:50.608 INFO [main] org.apache.catalina.startup.HostConfig.deployDirectory Le déploiement du répertoire [C:\Users\bapti\Documents\cours\BUT_S3\back-end\tomcat\webapps\examples] de l'application web s'est terminé en [498] ms
18-Oct-2023 11:29:50.608 INFO [main] org.apache.catalina.startup.HostConfig.deployDirectory Déploiement du répertoire d'application web [C:\Users\bapti\Documents\cours\BUT_S3\back-end\tomcat\webapps\host-manager]
18-Oct-2023 11:29:50.659 INFO [main] org.apache.catalina.startup.HostConfig.deployDirectory Le déploiement du répertoire [C:\Users\bapti\Documents\cours\BUT_S3\back-end\tomcat\webapps\host-manager] de l'application web s'est terminé en [51] ms
18-Oct-2023 11:29:50.659 INFO [main] org.apache.catalina.startup.HostConfig.deployDirectory Déploiement du répertoire d'application web [C:\Users\bapti\Documents\cours\BUT_S3\back-end\tomcat\webapps\manager]
18-Oct-2023 11:29:50.709 INFO [main] org.apache.catalina.startup.HostConfig.deployDirectory Le déploiement du répertoire [C:\Users\bapti\Documents\cours\BUT_S3\back-end\tomcat\webapps\manager] de l'application web s'est terminé en [50] ms
18-Oct-2023 11:29:50.709 INFO [main] org.apache.catalina.startup.HostConfig.deployDirectory Déploiement du répertoire d'application web [C:\Users\bapti\Documents\cours\BUT_S3\back-end\tomcat\webapps\ROOT]
18-Oct-2023 11:29:50.745 INFO [main] org.apache.catalina.startup.HostConfig.deployDirectory Le déploiement du répertoire [C:\Users\bapti\Documents\cours\BUT_S3\back-end\tomcat\webapps\ROOT] de l'application web s'est terminé en [32] ms
18-Oct-2023 11:29:50.745 INFO [main] org.apache.catalina.startup.HostConfig.deployDirectory Déploiement du répertoire d'application web [C:\Users\bapti\Documents\cours\BUT_S3\back-end\tomcat\webapps\servlet-tp1]
18-Oct-2023 11:29:50.976 INFO [main] org.apache.jasper.servlet.TldScanner.scanJars Au moins un fichier JAR a été analysé pour trouver des TLDs mais il n'en contenait pas, le mode "debug" du journal peut être activé pour obtenir une liste complète de JAR scannés sans succès ; éviter d'analyser des JARs inutilement peut améliorer sensiblement le temps de démarrage et le temps de compilation des JSPs
18-Oct-2023 11:29:50.986 INFO [main] org.apache.catalina.startup.HostConfig.deployDirectory Le déploiement du répertoire [C:\Users\bapti\Documents\cours\BUT_S3\back-end\tomcat\webapps\servlet-tp1] de l'application web s'est terminé en [241] ms
18-Oct-2023 11:29:50.986 INFO [main] org.apache.catalina.startup.HostConfig.deployDirectory Déploiement du répertoire d'application web [C:\Users\bapti\Documents\cours\BUT_S3\back-end\tomcat\webapps\test]
18-Oct-2023 11:29:51.001 INFO [main] org.apache.catalina.startup.HostConfig.deployDirectory Le déploiement du répertoire [C:\Users\bapti\Documents\cours\BUT_S3\back-end\tomcat\webapps\test] de l'application web s'est terminé en [15] ms
18-Oct-2023 11:29:51.001 INFO [main] org.apache.coyote.AbstractProtocol.start Démarrage du gestionnaire de protocole ["http-nio-8080"]
18-Oct-2023 11:29:51.052 INFO [main] org.apache.catalina.startup.Catalina.start Le démarrage du serveur a pris [1284] millisecondes
18-Oct-2023 11:31:01.377 INFO [Catalina-utility-1] org.apache.catalina.core.StandardContext.reload Le rechargement du contexte [/servlet-tp1] a démarré
18-Oct-2023 11:31:01.589 INFO [Catalina-utility-1] org.apache.jasper.servlet.TldScanner.scanJars Au moins un fichier JAR a été analysé pour trouver des TLDs mais il n'en contenait pas, le mode "debug" du journal peut être activé pour obtenir une liste complète de JAR scannés sans succès ; éviter d'analyser des JARs inutilement peut améliorer sensiblement le temps de démarrage et le temps de compilation des JSPs
18-Oct-2023 11:31:01.591 INFO [Catalina-utility-1] org.apache.catalina.core.StandardContext.reload Le rechargement de ce contexte est terminé
18-Oct-2023 11:31:21.687 INFO [Catalina-utility-2] org.apache.catalina.core.StandardContext.reload Le rechargement du contexte [/servlet-tp1] a démarré
18-Oct-2023 11:31:21.869 INFO [Catalina-utility-2] org.apache.jasper.servlet.TldScanner.scanJars Au moins un fichier JAR a été analysé pour trouver des TLDs mais il n'en contenait pas, le mode "debug" du journal peut être activé pour obtenir une liste complète de JAR scannés sans succès ; éviter d'analyser des JARs inutilement peut améliorer sensiblement le temps de démarrage et le temps de compilation des JSPs
18-Oct-2023 11:31:21.877 INFO [Catalina-utility-2] org.apache.catalina.core.StandardContext.reload Le rechargement de ce contexte est terminé
