11-Oct-2023 09:42:16.515 INFO [main] org.apache.catalina.startup.VersionLoggerListener.log Nom version serveur :              Apache Tomcat/10.1.14
11-Oct-2023 09:42:16.520 INFO [main] org.apache.catalina.startup.VersionLoggerListener.log Serveur compilé :                  Oct 9 2023 21:01:11 UTC
11-Oct-2023 09:42:16.520 INFO [main] org.apache.catalina.startup.VersionLoggerListener.log Version du serveur :               10.1.14.0
11-Oct-2023 09:42:16.520 INFO [main] org.apache.catalina.startup.VersionLoggerListener.log Nom de l'OS :                      Windows 11
11-Oct-2023 09:42:16.520 INFO [main] org.apache.catalina.startup.VersionLoggerListener.log Version OS :                       10.0
11-Oct-2023 09:42:16.520 INFO [main] org.apache.catalina.startup.VersionLoggerListener.log Architecture :                     amd64
11-Oct-2023 09:42:16.520 INFO [main] org.apache.catalina.startup.VersionLoggerListener.log Java Home :                        C:\Program Files\Java\jdk-19
11-Oct-2023 09:42:16.520 INFO [main] org.apache.catalina.startup.VersionLoggerListener.log Version JVM :                      19.0.1+10-21
11-Oct-2023 09:42:16.520 INFO [main] org.apache.catalina.startup.VersionLoggerListener.log Fournisseur de la JVM :            Oracle Corporation
11-Oct-2023 09:42:16.520 INFO [main] org.apache.catalina.startup.VersionLoggerListener.log CATALINA_BASE :                    C:\Users\bapti\Documents\cours\BUT_S3\back-end\tomcat
11-Oct-2023 09:42:16.520 INFO [main] org.apache.catalina.startup.VersionLoggerListener.log CATALINA_HOME :                    C:\Users\bapti\Documents\cours\BUT_S3\back-end\tomcat
11-Oct-2023 09:42:16.535 INFO [main] org.apache.catalina.startup.VersionLoggerListener.log Argument de la ligne de commande : -Djava.util.logging.config.file=C:\Users\bapti\Documents\cours\BUT_S3\back-end\tomcat\conf\logging.properties
11-Oct-2023 09:42:16.535 INFO [main] org.apache.catalina.startup.VersionLoggerListener.log Argument de la ligne de commande : -Djava.util.logging.manager=org.apache.juli.ClassLoaderLogManager
11-Oct-2023 09:42:16.535 INFO [main] org.apache.catalina.startup.VersionLoggerListener.log Argument de la ligne de commande : -Djdk.tls.ephemeralDHKeySize=2048
11-Oct-2023 09:42:16.535 INFO [main] org.apache.catalina.startup.VersionLoggerListener.log Argument de la ligne de commande : -Djava.protocol.handler.pkgs=org.apache.catalina.webresources
11-Oct-2023 09:42:16.535 INFO [main] org.apache.catalina.startup.VersionLoggerListener.log Argument de la ligne de commande : --add-opens=java.base/java.lang=ALL-UNNAMED
11-Oct-2023 09:42:16.535 INFO [main] org.apache.catalina.startup.VersionLoggerListener.log Argument de la ligne de commande : --add-opens=java.base/java.io=ALL-UNNAMED
11-Oct-2023 09:42:16.535 INFO [main] org.apache.catalina.startup.VersionLoggerListener.log Argument de la ligne de commande : --add-opens=java.base/java.util=ALL-UNNAMED
11-Oct-2023 09:42:16.535 INFO [main] org.apache.catalina.startup.VersionLoggerListener.log Argument de la ligne de commande : --add-opens=java.base/java.util.concurrent=ALL-UNNAMED
11-Oct-2023 09:42:16.535 INFO [main] org.apache.catalina.startup.VersionLoggerListener.log Argument de la ligne de commande : --add-opens=java.rmi/sun.rmi.transport=ALL-UNNAMED
11-Oct-2023 09:42:16.535 INFO [main] org.apache.catalina.startup.VersionLoggerListener.log Argument de la ligne de commande : -Dcatalina.base=C:\Users\bapti\Documents\cours\BUT_S3\back-end\tomcat
11-Oct-2023 09:42:16.535 INFO [main] org.apache.catalina.startup.VersionLoggerListener.log Argument de la ligne de commande : -Dcatalina.home=C:\Users\bapti\Documents\cours\BUT_S3\back-end\tomcat
11-Oct-2023 09:42:16.535 INFO [main] org.apache.catalina.startup.VersionLoggerListener.log Argument de la ligne de commande : -Djava.io.tmpdir=C:\Users\bapti\Documents\cours\BUT_S3\back-end\tomcat\temp
11-Oct-2023 09:42:16.546 INFO [main] org.apache.catalina.core.AprLifecycleListener.lifecycleEvent La librairie Apache Tomcat Native basée sur APR qui permet des performances optimales dans les environnements de production n'a pas été trouvée sur le java.library.path : [C:\Program Files\Java\jdk-19\bin;C:\WINDOWS\Sun\Java\bin;C:\WINDOWS\system32;C:\WINDOWS;C:\Program Files\Common Files\Oracle\Java\javapath;C:\Program Files (x86)\Common Files\Oracle\Java\javapath;C:\Program Files (x86)\Razer Chroma SDK\bin;C:\Program Files\Razer Chroma SDK\bin;C:\Program Files (x86)\Razer\ChromaBroadcast\bin;C:\Program Files\Razer\ChromaBroadcast\bin;C:\ProgramData\Oracle\Java\javapath;C:\windows\system32;C:\windows;C:\windows\System32\Wbem;C:\windows\System32\WindowsPowerShell\v1.0\;C:\windows\System32\OpenSSH\;C:\Program Files (x86)\NVIDIA Corporation\PhysX\Common;C:\Program Files\NVIDIA Corporation\NVIDIA NvDLISR;C:\windows\system32\config\systemprofile\AppData\Local\Microsoft\WindowsApps;C:\WINDOWS\system32;C:\WINDOWS;C:\WINDOWS\System32\Wbem;C:\WINDOWS\System32\WindowsPowerShell\v1.0\;C:\WINDOWS\System32\OpenSSH\;C:\Program Files (x86)\Keyman\Keyman Developer\;C:\TDM-GCC-64\bin;C:\Program Files\Pandoc\;C:\Ruby32-x64\bin;C:\Program Files\Java\jdk-19\bin;C:\Users\bapti\AppData\Local\Microsoft\WindowsApps;C:\Users\bapti\AppData\Local\Programs\Microsoft VS Code\bin;C:\Users\bapti\AppData\Local\Programs\MiKTeX\miktex\bin\x64\;C:\Users\bapti\Documents\cours\BUT_s2\ALL_SAE\SAE_dev\B4;;.]
11-Oct-2023 09:42:16.812 INFO [main] org.apache.coyote.AbstractProtocol.init Initialisation du gestionnaire de protocole ["http-nio-8080"]
11-Oct-2023 09:42:16.842 INFO [main] org.apache.catalina.startup.Catalina.load L'initialisation du serveur a pris [490] millisecondes
11-Oct-2023 09:42:16.894 INFO [main] org.apache.catalina.core.StandardService.startInternal Démarrage du service [Catalina]
11-Oct-2023 09:42:16.897 INFO [main] org.apache.catalina.core.StandardEngine.startInternal Démarrage du moteur de Servlets : [Apache Tomcat/10.1.14]
11-Oct-2023 09:42:16.907 INFO [main] org.apache.catalina.startup.HostConfig.deployDirectory Déploiement du répertoire d'application web [C:\Users\bapti\Documents\cours\BUT_S3\back-end\tomcat\webapps\docs]
11-Oct-2023 09:42:17.202 INFO [main] org.apache.catalina.startup.HostConfig.deployDirectory Le déploiement du répertoire [C:\Users\bapti\Documents\cours\BUT_S3\back-end\tomcat\webapps\docs] de l'application web s'est terminé en [287] ms
11-Oct-2023 09:42:17.202 INFO [main] org.apache.catalina.startup.HostConfig.deployDirectory Déploiement du répertoire d'application web [C:\Users\bapti\Documents\cours\BUT_S3\back-end\tomcat\webapps\examples]
11-Oct-2023 09:42:17.664 INFO [main] org.apache.catalina.startup.HostConfig.deployDirectory Le déploiement du répertoire [C:\Users\bapti\Documents\cours\BUT_S3\back-end\tomcat\webapps\examples] de l'application web s'est terminé en [462] ms
11-Oct-2023 09:42:17.665 INFO [main] org.apache.catalina.startup.HostConfig.deployDirectory Déploiement du répertoire d'application web [C:\Users\bapti\Documents\cours\BUT_S3\back-end\tomcat\webapps\host-manager]
11-Oct-2023 09:42:17.708 INFO [main] org.apache.catalina.startup.HostConfig.deployDirectory Le déploiement du répertoire [C:\Users\bapti\Documents\cours\BUT_S3\back-end\tomcat\webapps\host-manager] de l'application web s'est terminé en [43] ms
11-Oct-2023 09:42:17.708 INFO [main] org.apache.catalina.startup.HostConfig.deployDirectory Déploiement du répertoire d'application web [C:\Users\bapti\Documents\cours\BUT_S3\back-end\tomcat\webapps\manager]
11-Oct-2023 09:42:17.755 INFO [main] org.apache.catalina.startup.HostConfig.deployDirectory Le déploiement du répertoire [C:\Users\bapti\Documents\cours\BUT_S3\back-end\tomcat\webapps\manager] de l'application web s'est terminé en [47] ms
11-Oct-2023 09:42:17.755 INFO [main] org.apache.catalina.startup.HostConfig.deployDirectory Déploiement du répertoire d'application web [C:\Users\bapti\Documents\cours\BUT_S3\back-end\tomcat\webapps\ROOT]
11-Oct-2023 09:42:17.777 INFO [main] org.apache.catalina.startup.HostConfig.deployDirectory Le déploiement du répertoire [C:\Users\bapti\Documents\cours\BUT_S3\back-end\tomcat\webapps\ROOT] de l'application web s'est terminé en [22] ms
11-Oct-2023 09:42:17.777 INFO [main] org.apache.catalina.startup.HostConfig.deployDirectory Déploiement du répertoire d'application web [C:\Users\bapti\Documents\cours\BUT_S3\back-end\tomcat\webapps\test]
11-Oct-2023 09:42:17.808 INFO [main] org.apache.catalina.startup.HostConfig.deployDirectory Le déploiement du répertoire [C:\Users\bapti\Documents\cours\BUT_S3\back-end\tomcat\webapps\test] de l'application web s'est terminé en [31] ms
11-Oct-2023 09:42:17.813 INFO [main] org.apache.coyote.AbstractProtocol.start Démarrage du gestionnaire de protocole ["http-nio-8080"]
11-Oct-2023 09:42:17.861 INFO [main] org.apache.catalina.startup.Catalina.start Le démarrage du serveur a pris [1017] millisecondes
11-Oct-2023 11:40:45.169 INFO [Thread-1] org.apache.coyote.AbstractProtocol.pause Le gestionnaire de protocole ["http-nio-8080"] est mis en pause
11-Oct-2023 11:40:45.216 INFO [Thread-1] org.apache.catalina.core.StandardService.stopInternal Arrêt du service [Catalina]
11-Oct-2023 11:40:45.321 INFO [Thread-1] org.apache.coyote.AbstractProtocol.stop Arrêt du gestionnaire de protocole ["http-nio-8080"]
11-Oct-2023 11:40:45.341 INFO [Thread-1] org.apache.coyote.AbstractProtocol.destroy Destruction du gestionnaire de protocole ["http-nio-8080"]
11-Oct-2023 11:41:14.464 INFO [main] org.apache.catalina.startup.VersionLoggerListener.log Nom version serveur :              Apache Tomcat/10.1.14
11-Oct-2023 11:41:14.464 INFO [main] org.apache.catalina.startup.VersionLoggerListener.log Serveur compilé :                  Oct 9 2023 21:01:11 UTC
11-Oct-2023 11:41:14.464 INFO [main] org.apache.catalina.startup.VersionLoggerListener.log Version du serveur :               10.1.14.0
11-Oct-2023 11:41:14.464 INFO [main] org.apache.catalina.startup.VersionLoggerListener.log Nom de l'OS :                      Windows 11
11-Oct-2023 11:41:14.464 INFO [main] org.apache.catalina.startup.VersionLoggerListener.log Version OS :                       10.0
11-Oct-2023 11:41:14.464 INFO [main] org.apache.catalina.startup.VersionLoggerListener.log Architecture :                     amd64
11-Oct-2023 11:41:14.464 INFO [main] org.apache.catalina.startup.VersionLoggerListener.log Java Home :                        C:\Program Files\Java\jdk-19
11-Oct-2023 11:41:14.464 INFO [main] org.apache.catalina.startup.VersionLoggerListener.log Version JVM :                      19.0.1+10-21
11-Oct-2023 11:41:14.472 INFO [main] org.apache.catalina.startup.VersionLoggerListener.log Fournisseur de la JVM :            Oracle Corporation
11-Oct-2023 11:41:14.472 INFO [main] org.apache.catalina.startup.VersionLoggerListener.log CATALINA_BASE :                    C:\Users\bapti\Documents\cours\BUT_S3\back-end\tomcat
11-Oct-2023 11:41:14.472 INFO [main] org.apache.catalina.startup.VersionLoggerListener.log CATALINA_HOME :                    C:\Users\bapti\Documents\cours\BUT_S3\back-end\tomcat
11-Oct-2023 11:41:14.488 INFO [main] org.apache.catalina.startup.VersionLoggerListener.log Argument de la ligne de commande : -Djava.util.logging.config.file=C:\Users\bapti\Documents\cours\BUT_S3\back-end\tomcat\conf\logging.properties
11-Oct-2023 11:41:14.488 INFO [main] org.apache.catalina.startup.VersionLoggerListener.log Argument de la ligne de commande : -Djava.util.logging.manager=org.apache.juli.ClassLoaderLogManager
11-Oct-2023 11:41:14.488 INFO [main] org.apache.catalina.startup.VersionLoggerListener.log Argument de la ligne de commande : -Djdk.tls.ephemeralDHKeySize=2048
11-Oct-2023 11:41:14.488 INFO [main] org.apache.catalina.startup.VersionLoggerListener.log Argument de la ligne de commande : -Djava.protocol.handler.pkgs=org.apache.catalina.webresources
11-Oct-2023 11:41:14.494 INFO [main] org.apache.catalina.startup.VersionLoggerListener.log Argument de la ligne de commande : --add-opens=java.base/java.lang=ALL-UNNAMED
11-Oct-2023 11:41:14.494 INFO [main] org.apache.catalina.startup.VersionLoggerListener.log Argument de la ligne de commande : --add-opens=java.base/java.io=ALL-UNNAMED
11-Oct-2023 11:41:14.494 INFO [main] org.apache.catalina.startup.VersionLoggerListener.log Argument de la ligne de commande : --add-opens=java.base/java.util=ALL-UNNAMED
11-Oct-2023 11:41:14.494 INFO [main] org.apache.catalina.startup.VersionLoggerListener.log Argument de la ligne de commande : --add-opens=java.base/java.util.concurrent=ALL-UNNAMED
11-Oct-2023 11:41:14.494 INFO [main] org.apache.catalina.startup.VersionLoggerListener.log Argument de la ligne de commande : --add-opens=java.rmi/sun.rmi.transport=ALL-UNNAMED
11-Oct-2023 11:41:14.494 INFO [main] org.apache.catalina.startup.VersionLoggerListener.log Argument de la ligne de commande : -Dcatalina.base=C:\Users\bapti\Documents\cours\BUT_S3\back-end\tomcat
11-Oct-2023 11:41:14.494 INFO [main] org.apache.catalina.startup.VersionLoggerListener.log Argument de la ligne de commande : -Dcatalina.home=C:\Users\bapti\Documents\cours\BUT_S3\back-end\tomcat
11-Oct-2023 11:41:14.494 INFO [main] org.apache.catalina.startup.VersionLoggerListener.log Argument de la ligne de commande : -Djava.io.tmpdir=C:\Users\bapti\Documents\cours\BUT_S3\back-end\tomcat\temp
11-Oct-2023 11:41:14.515 INFO [main] org.apache.catalina.core.AprLifecycleListener.lifecycleEvent La librairie Apache Tomcat Native basée sur APR qui permet des performances optimales dans les environnements de production n'a pas été trouvée sur le java.library.path : [C:\Program Files\Java\jdk-19\bin;C:\WINDOWS\Sun\Java\bin;C:\WINDOWS\system32;C:\WINDOWS;C:\Program Files\Common Files\Oracle\Java\javapath;C:\Program Files (x86)\Common Files\Oracle\Java\javapath;C:\Program Files (x86)\Razer Chroma SDK\bin;C:\Program Files\Razer Chroma SDK\bin;C:\Program Files (x86)\Razer\ChromaBroadcast\bin;C:\Program Files\Razer\ChromaBroadcast\bin;C:\ProgramData\Oracle\Java\javapath;C:\windows\system32;C:\windows;C:\windows\System32\Wbem;C:\windows\System32\WindowsPowerShell\v1.0\;C:\windows\System32\OpenSSH\;C:\Program Files (x86)\NVIDIA Corporation\PhysX\Common;C:\Program Files\NVIDIA Corporation\NVIDIA NvDLISR;C:\windows\system32\config\systemprofile\AppData\Local\Microsoft\WindowsApps;C:\WINDOWS\system32;C:\WINDOWS;C:\WINDOWS\System32\Wbem;C:\WINDOWS\System32\WindowsPowerShell\v1.0\;C:\WINDOWS\System32\OpenSSH\;C:\Program Files (x86)\Keyman\Keyman Developer\;C:\TDM-GCC-64\bin;C:\Program Files\Pandoc\;C:\Ruby32-x64\bin;C:\Program Files\Java\jdk-19\bin;C:\Users\bapti\AppData\Local\Microsoft\WindowsApps;C:\Users\bapti\AppData\Local\Programs\Microsoft VS Code\bin;C:\Users\bapti\AppData\Local\Programs\MiKTeX\miktex\bin\x64\;C:\Users\bapti\Documents\cours\BUT_s2\ALL_SAE\SAE_dev\B4;;.]
11-Oct-2023 11:41:15.006 INFO [main] org.apache.coyote.AbstractProtocol.init Initialisation du gestionnaire de protocole ["http-nio-8080"]
11-Oct-2023 11:41:15.040 INFO [main] org.apache.catalina.startup.Catalina.load L'initialisation du serveur a pris [866] millisecondes
11-Oct-2023 11:41:15.127 INFO [main] org.apache.catalina.core.StandardService.startInternal Démarrage du service [Catalina]
11-Oct-2023 11:41:15.127 INFO [main] org.apache.catalina.core.StandardEngine.startInternal Démarrage du moteur de Servlets : [Apache Tomcat/10.1.14]
11-Oct-2023 11:41:15.148 INFO [main] org.apache.catalina.startup.HostConfig.deployDirectory Déploiement du répertoire d'application web [C:\Users\bapti\Documents\cours\BUT_S3\back-end\tomcat\webapps\docs]
11-Oct-2023 11:41:15.670 INFO [main] org.apache.catalina.startup.HostConfig.deployDirectory Le déploiement du répertoire [C:\Users\bapti\Documents\cours\BUT_S3\back-end\tomcat\webapps\docs] de l'application web s'est terminé en [512] ms
11-Oct-2023 11:41:15.672 INFO [main] org.apache.catalina.startup.HostConfig.deployDirectory Déploiement du répertoire d'application web [C:\Users\bapti\Documents\cours\BUT_S3\back-end\tomcat\webapps\examples]
11-Oct-2023 11:41:16.364 INFO [main] org.apache.catalina.startup.HostConfig.deployDirectory Le déploiement du répertoire [C:\Users\bapti\Documents\cours\BUT_S3\back-end\tomcat\webapps\examples] de l'application web s'est terminé en [692] ms
11-Oct-2023 11:41:16.364 INFO [main] org.apache.catalina.startup.HostConfig.deployDirectory Déploiement du répertoire d'application web [C:\Users\bapti\Documents\cours\BUT_S3\back-end\tomcat\webapps\host-manager]
11-Oct-2023 11:41:16.428 INFO [main] org.apache.catalina.startup.HostConfig.deployDirectory Le déploiement du répertoire [C:\Users\bapti\Documents\cours\BUT_S3\back-end\tomcat\webapps\host-manager] de l'application web s'est terminé en [64] ms
11-Oct-2023 11:41:16.428 INFO [main] org.apache.catalina.startup.HostConfig.deployDirectory Déploiement du répertoire d'application web [C:\Users\bapti\Documents\cours\BUT_S3\back-end\tomcat\webapps\manager]
11-Oct-2023 11:41:16.480 INFO [main] org.apache.catalina.startup.HostConfig.deployDirectory Le déploiement du répertoire [C:\Users\bapti\Documents\cours\BUT_S3\back-end\tomcat\webapps\manager] de l'application web s'est terminé en [52] ms
11-Oct-2023 11:41:16.480 INFO [main] org.apache.catalina.startup.HostConfig.deployDirectory Déploiement du répertoire d'application web [C:\Users\bapti\Documents\cours\BUT_S3\back-end\tomcat\webapps\ROOT]
11-Oct-2023 11:41:16.531 INFO [main] org.apache.catalina.startup.HostConfig.deployDirectory Le déploiement du répertoire [C:\Users\bapti\Documents\cours\BUT_S3\back-end\tomcat\webapps\ROOT] de l'application web s'est terminé en [51] ms
11-Oct-2023 11:41:16.531 INFO [main] org.apache.catalina.startup.HostConfig.deployDirectory Déploiement du répertoire d'application web [C:\Users\bapti\Documents\cours\BUT_S3\back-end\tomcat\webapps\test]
11-Oct-2023 11:41:16.587 INFO [main] org.apache.catalina.startup.HostConfig.deployDirectory Le déploiement du répertoire [C:\Users\bapti\Documents\cours\BUT_S3\back-end\tomcat\webapps\test] de l'application web s'est terminé en [56] ms
11-Oct-2023 11:41:16.593 INFO [main] org.apache.coyote.AbstractProtocol.start Démarrage du gestionnaire de protocole ["http-nio-8080"]
11-Oct-2023 11:41:16.674 INFO [main] org.apache.catalina.startup.Catalina.start Le démarrage du serveur a pris [1626] millisecondes
